
[2018/04/16 20:38:32.695, ERROR: dbm.dbworks.DBWorker.runSQL(DBWorker.java:272)]
ERROR :ORA-00942: 테이블 또는 뷰가 존재하지 않습니다

java.sql.SQLSyntaxErrorException: ORA-00942: 테이블 또는 뷰가 존재하지 않습니다

	at oracle.jdbc.driver.T4CTTIoer.processError(T4CTTIoer.java:439)
	at oracle.jdbc.driver.T4CTTIoer.processError(T4CTTIoer.java:395)
	at oracle.jdbc.driver.T4C8Oall.processError(T4C8Oall.java:802)
	at oracle.jdbc.driver.T4CTTIfun.receive(T4CTTIfun.java:436)
	at oracle.jdbc.driver.T4CTTIfun.doRPC(T4CTTIfun.java:186)
	at oracle.jdbc.driver.T4C8Oall.doOALL(T4C8Oall.java:521)
	at oracle.jdbc.driver.T4CStatement.doOall8(T4CStatement.java:194)
	at oracle.jdbc.driver.T4CStatement.executeForDescribe(T4CStatement.java:853)
	at oracle.jdbc.driver.OracleStatement.executeMaybeDescribe(OracleStatement.java:1145)
	at oracle.jdbc.driver.OracleStatement.doExecuteWithTimeout(OracleStatement.java:1267)
	at oracle.jdbc.driver.OracleStatement.executeQuery(OracleStatement.java:1469)
	at oracle.jdbc.driver.OracleStatementWrapper.executeQuery(OracleStatementWrapper.java:389)
	at dbm.dbworks.DBWorker.executeSQL(DBWorker.java:293)
	at dbm.dbworks.DBWorker.runSQL(DBWorker.java:254)
	at dbm.dbworks.DBWorker.runSQL(DBWorker.java:234)
	at dbm.dbworks.DBWorker.run(DBWorker.java:183)

[2018/04/16 20:45:52.038, ERROR: dbm.dbworks.DBWorker.runSQL(DBWorker.java:272)]
ERROR :전방향 전용 결과 집합에 부적합한 작업이 수행되었습니다 : first
java.sql.SQLException: 전방향 전용 결과 집합에 부적합한 작업이 수행되었습니다 : first
	at oracle.jdbc.driver.BaseResultSet.first(BaseResultSet.java:87)
	at dbm.dbworks.DBWorker.runSQL(DBWorker.java:258)
	at dbm.dbworks.DBWorker.runSQL(DBWorker.java:234)
	at dbm.dbworks.DBWorker.run(DBWorker.java:183)

[2018/04/16 20:48:57.733, ERROR: dbm.dbworks.DBWorker.runSQL(DBWorker.java:272)]
ERROR :ORA-01003: 해석된 문이 없습니다

java.sql.SQLException: ORA-01003: 해석된 문이 없습니다

	at oracle.jdbc.driver.T4CTTIoer.processError(T4CTTIoer.java:439)
	at oracle.jdbc.driver.T4CTTIoer.processError(T4CTTIoer.java:395)
	at oracle.jdbc.driver.T4C8Oall.processError(T4C8Oall.java:802)
	at oracle.jdbc.driver.T4CTTIfun.receive(T4CTTIfun.java:436)
	at oracle.jdbc.driver.T4CTTIfun.doRPC(T4CTTIfun.java:186)
	at oracle.jdbc.driver.T4C8Oall.doOALL(T4C8Oall.java:521)
	at oracle.jdbc.driver.T4CStatement.doOall8(T4CStatement.java:194)
	at oracle.jdbc.driver.T4CStatement.fetch(T4CStatement.java:1074)
	at oracle.jdbc.driver.OracleResultSetImpl.close_or_fetch_from_next(OracleResultSetImpl.java:369)
	at oracle.jdbc.driver.OracleResultSetImpl.next(OracleResultSetImpl.java:273)
	at dbm.dbworks.DBWorker.runSQL(DBWorker.java:258)
	at dbm.dbworks.DBWorker.runSQL(DBWorker.java:234)
	at dbm.dbworks.DBWorker.run(DBWorker.java:183)

[2018/04/16 20:49:24.290, ERROR: dbm.dbworks.DBWorker.runSQL(DBWorker.java:272)]
ERROR :ORA-01002: 인출 시퀀스가 틀립니다

java.sql.SQLException: ORA-01002: 인출 시퀀스가 틀립니다

	at oracle.jdbc.driver.T4CTTIoer.processError(T4CTTIoer.java:439)
	at oracle.jdbc.driver.T4CTTIoer.processError(T4CTTIoer.java:395)
	at oracle.jdbc.driver.T4C8Oall.processError(T4C8Oall.java:802)
	at oracle.jdbc.driver.T4CTTIfun.receive(T4CTTIfun.java:436)
	at oracle.jdbc.driver.T4CTTIfun.doRPC(T4CTTIfun.java:186)
	at oracle.jdbc.driver.T4C8Oall.doOALL(T4C8Oall.java:521)
	at oracle.jdbc.driver.T4CStatement.doOall8(T4CStatement.java:194)
	at oracle.jdbc.driver.T4CStatement.fetch(T4CStatement.java:1074)
	at oracle.jdbc.driver.OracleResultSetImpl.close_or_fetch_from_next(OracleResultSetImpl.java:369)
	at oracle.jdbc.driver.OracleResultSetImpl.next(OracleResultSetImpl.java:273)
	at dbm.dbworks.DBWorker.runSQL(DBWorker.java:258)
	at dbm.dbworks.DBWorker.runSQL(DBWorker.java:234)
	at dbm.dbworks.DBWorker.run(DBWorker.java:183)

[2018/04/16 20:51:19.712, ERROR: dbm.dbworks.DBWorker.runSQL(DBWorker.java:273)]
ERROR :ORA-01003: 해석된 문이 없습니다

java.sql.SQLException: ORA-01003: 해석된 문이 없습니다

	at oracle.jdbc.driver.T4CTTIoer.processError(T4CTTIoer.java:439)
	at oracle.jdbc.driver.T4CTTIoer.processError(T4CTTIoer.java:395)
	at oracle.jdbc.driver.T4C8Oall.processError(T4C8Oall.java:802)
	at oracle.jdbc.driver.T4CTTIfun.receive(T4CTTIfun.java:436)
	at oracle.jdbc.driver.T4CTTIfun.doRPC(T4CTTIfun.java:186)
	at oracle.jdbc.driver.T4C8Oall.doOALL(T4C8Oall.java:521)
	at oracle.jdbc.driver.T4CStatement.doOall8(T4CStatement.java:194)
	at oracle.jdbc.driver.T4CStatement.fetch(T4CStatement.java:1074)
	at oracle.jdbc.driver.OracleResultSetImpl.close_or_fetch_from_next(OracleResultSetImpl.java:369)
	at oracle.jdbc.driver.OracleResultSetImpl.next(OracleResultSetImpl.java:273)
	at dbm.dbworks.DBWorker.runSQL(DBWorker.java:259)
	at dbm.dbworks.DBWorker.runSQL(DBWorker.java:234)
	at dbm.dbworks.DBWorker.run(DBWorker.java:183)

[2018/04/23 11:22:22.107, ERROR: dbm.dbworks.DBWorker.runSQL(DBWorker.java:300)]
java.lang.NullPointerException
	at dbm.dbworks.DBWorker.runSQL(DBWorker.java:277)
	at dbm.dbworks.DBWorker.runSQL(DBWorker.java:245)
	at dbm.dbworks.DBWorker.run(DBWorker.java:194)

[2018/04/23 11:24:33.204, ERROR: dbm.dbworks.DBWorker.runSQL(DBWorker.java:291)]
ERROR :ORA-00942: 테이블 또는 뷰가 존재하지 않습니다

java.sql.SQLSyntaxErrorException: ORA-00942: 테이블 또는 뷰가 존재하지 않습니다

	at oracle.jdbc.driver.T4CTTIoer.processError(T4CTTIoer.java:439)
	at oracle.jdbc.driver.T4CTTIoer.processError(T4CTTIoer.java:395)
	at oracle.jdbc.driver.T4C8Oall.processError(T4C8Oall.java:802)
	at oracle.jdbc.driver.T4CTTIfun.receive(T4CTTIfun.java:436)
	at oracle.jdbc.driver.T4CTTIfun.doRPC(T4CTTIfun.java:186)
	at oracle.jdbc.driver.T4C8Oall.doOALL(T4C8Oall.java:521)
	at oracle.jdbc.driver.T4CStatement.doOall8(T4CStatement.java:194)
	at oracle.jdbc.driver.T4CStatement.executeForDescribe(T4CStatement.java:853)
	at oracle.jdbc.driver.OracleStatement.executeMaybeDescribe(OracleStatement.java:1145)
	at oracle.jdbc.driver.OracleStatement.doExecuteWithTimeout(OracleStatement.java:1267)
	at oracle.jdbc.driver.OracleStatement.executeQuery(OracleStatement.java:1469)
	at oracle.jdbc.driver.OracleStatementWrapper.executeQuery(OracleStatementWrapper.java:389)
	at dbm.dbworks.DBWorker.executeQuery(DBWorker.java:312)
	at dbm.dbworks.DBWorker.runSQL(DBWorker.java:266)
	at dbm.dbworks.DBWorker.runSQL(DBWorker.java:245)
	at dbm.dbworks.DBWorker.run(DBWorker.java:194)

[2018/04/23 11:31:03.607, ERROR: dbm.dbworks.DBWorker.runSQL(DBWorker.java:300)]
java.lang.NullPointerException
	at dbm.dbworks.DBWorker.runSQL(DBWorker.java:277)
	at dbm.dbworks.DBWorker.runSQL(DBWorker.java:245)
	at dbm.dbworks.DBWorker.run(DBWorker.java:194)

[2018/04/23 13:39:20.047, DEBUG: dbm.db.dbpool.DBConnectionPoolManager.loadDriver(DBConnectionPoolManager.java:171)]
Registered JDBC Driver : com.microsoft.sqlserver.jdbc.SQLServerDriver, ./lib/mssql-jdbc-6.2.2.jre8.jar

[2018/04/23 13:41:28.987, DEBUG: dbm.db.dbpool.DBConnectionPoolManager.loadDriver(DBConnectionPoolManager.java:171)]
Registered JDBC Driver : com.microsoft.sqlserver.jdbc.SQLServerDriver, ./lib/mssql-jdbc-6.2.2.jre8.jar

[2018/04/23 13:42:54.155, DEBUG: dbm.db.dbpool.DBConnectionPoolManager.loadDriver(DBConnectionPoolManager.java:171)]
Registered JDBC Driver : com.microsoft.sqlserver.jdbc.SQLServerDriver, ./lib/mssql-jdbc-6.2.2.jre8.jar

[2018/04/23 13:44:38.708, DEBUG: dbm.db.dbpool.DBConnectionPoolManager.loadDriver(DBConnectionPoolManager.java:171)]
Registered JDBC Driver : com.microsoft.sqlserver.jdbc.SQLServerDriver, ./lib/mssql-jdbc-6.2.2.jre8.jar
