
[2018/04/23 13:45:22.570, DEBUG: dbm.db.dbpool.DBConnectionPoolManager.loadDriver(DBConnectionPoolManager.java:171)]
Registered JDBC Driver : com.microsoft.sqlserver.jdbc.SQLServerDriver, ./lib/mssql-jdbc-6.2.2.jre8.jar

[2018/04/23 13:46:27.284, DEBUG: dbm.db.dbpool.DBConnectionPoolManager.loadDriver(DBConnectionPoolManager.java:171)]
Registered JDBC Driver : com.microsoft.sqlserver.jdbc.SQLServerDriver, ./lib/mssql-jdbc-6.2.2.jre8.jar

[2018/04/23 13:47:17.409, DEBUG: dbm.db.dbpool.DBConnectionPoolManager.loadDriver(DBConnectionPoolManager.java:171)]
Registered JDBC Driver : com.microsoft.sqlserver.jdbc.SQLServerDriver, ./lib/mssql-jdbc-6.2.2.jre8.jar

[2018/04/23 13:48:07.168, DEBUG: dbm.db.dbpool.DBConnectionPoolManager.loadDriver(DBConnectionPoolManager.java:171)]
Registered JDBC Driver : oracle.jdbc.OracleDriver, ./lib/ojdbc6.jar

[2018/04/23 13:48:09.223, DEBUG: dbm.db.dbpool.DBConnectionPool.newConnection(DBConnectionPool.java:182)]
Created a new connection in pool LOGDB

[2018/04/23 13:48:09.223, DEBUG: dbm.db.dbpool.DBConnectionPoolManager.createPools(DBConnectionPoolManager.java:97)]
Pool was created(2) :LOGDB

[2018/04/23 13:48:09.224, DEBUG: dbm.dbworks.DBWorker.runSQL(DBWorker.java:254)]
truncate table dbadm.tb_mig_job_log

[2018/04/23 13:48:09.315, DEBUG: dbm.db.dbpool.DBConnectionPoolManager.initialize(DBConnectionPoolManager.java:121)]
DBConnectionPoolManager.initailize: LOGDB is already initialized.

[2018/04/23 14:03:21.362, DEBUG: dbm.db.dbpool.DBConnectionPoolManager.loadDriver(DBConnectionPoolManager.java:171)]
Registered JDBC Driver : oracle.jdbc.OracleDriver, ./lib/ojdbc6.jar

[2018/04/23 14:03:22.863, DEBUG: dbm.db.dbpool.DBConnectionPool.newConnection(DBConnectionPool.java:182)]
Created a new connection in pool LOGDB

[2018/04/23 14:03:22.863, DEBUG: dbm.db.dbpool.DBConnectionPoolManager.createPools(DBConnectionPoolManager.java:97)]
Pool was created(2) :LOGDB

[2018/04/23 14:03:22.864, DEBUG: dbm.dbworks.DBWorker.runSQL(DBWorker.java:254)]
truncate table dbadm.tb_mig_job_log

[2018/04/23 14:03:23.065, DEBUG: dbm.db.dbpool.DBConnectionPoolManager.initialize(DBConnectionPoolManager.java:121)]
DBConnectionPoolManager.initailize: LOGDB is already initialized.
