-- set sqlcmdpassword=mig1020
-- sqlcmd -S 100.100.100.195 -U migadm -P mig1020 -i sample.sql -o sample.out -e sample.out

select 1, @@version;

                                                                                                                                                                                                                                                                                                                        
----------- ------------------------------------------------------------------------------------------------------------------------------------------------------------------------------------------------------------------------------------------------------------------------------------------------------------
          1 Microsoft SQL Server 2014 - 12.0.2000.8 (X64) 
	Feb 20 2014 20:04:26 
	Copyright (c) Microsoft Corporation
	Enterprise Edition: Core-based Licensing (64-bit) on Windows NT 6.3 <X64> (Build 9600: )
                                                                                                       

(1개 행 적용됨)

select 2, @@spid;

                  
----------- ------
          2    660

(1개 행 적용됨)

select 'error' from errorortablexxx

메시지 208, 수준 16, 상태 1, 서버 NGITSQLDB01P\DMPDB01, 줄 2
개체 이름 'errorortablexxx'이(가) 잘못되었습니다.

declare @var varchar(100) = 'nok'
select 4, @var;

                                                                                                                
----------- ----------------------------------------------------------------------------------------------------
          4 nok                                                                                                 

(1개 행 적용됨)


