#
# There is insufficient memory for the Java Runtime Environment to continue.
# Native memory allocation (mmap) failed to map 65536 bytes for Failed to commit area from 0x000001edf3e80000 to 0x000001edf3e90000 of length 65536.
# Possible reasons:
#   The system is out of physical RAM or swap space
#   The process is running with CompressedOops enabled, and the Java Heap may be blocking the growth of the native heap
# Possible solutions:
#   Reduce memory load on the system
#   Increase physical memory or swap space
#   Check if swap backing store is full
#   Decrease Java heap size (-Xmx/-Xms)
#   Decrease number of Java threads
#   Decrease Java thread stack sizes (-Xss)
#   Set larger code cache with -XX:ReservedCodeCacheSize=
# This output file may be truncated or incomplete.
#
#  Out of Memory Error (t:/workspace/open/src/hotspot/os/windows/os_windows.cpp:3221), pid=49528, tid=8096
#
# JRE version:  (10.0.1+10) (build )
# Java VM: Java HotSpot(TM) 64-Bit Server VM (10.0.1+10, mixed mode, aot, tiered, compressed oops, g1 gc, windows-amd64)
# No core dump will be written. Minidumps are not enabled by default on client versions of Windows
#

---------------  S U M M A R Y ------------

Command Line: -Dfile.encoding=MS949 bts.app.MainApp

Host: Intel(R) Core(TM) i5-3337U CPU @ 1.80GHz, 4 cores, 7G,  Windows 10 , 64 bit Build 17134 (10.0.17134.1)
Time: Mon Jun 04 20:18:49 2018 ¢¥eCN©öI¡¾©ö C¡ÍA¨ª¨öA elapsed time: 0 seconds (0d 0h 0m 0s)

---------------  T H R E A D  ---------------

Current thread (0x000001ede830e000):  JavaThread "Unknown thread" [_thread_in_vm, id=8096, stack(0x000000d9df800000,0x000000d9df900000)]

Stack: [0x000000d9df800000,0x000000d9df900000]
Native frames: (J=compiled Java code, j=interpreted, Vv=VM code, C=native code)
V  [jvm.dll+0x5a0369]
V  [jvm.dll+0x6bcf81]
V  [jvm.dll+0x6be176]
V  [jvm.dll+0x6be803]
V  [jvm.dll+0x234998]
V  [jvm.dll+0x59dc74]
V  [jvm.dll+0x592ab5]
V  [jvm.dll+0x2f625b]
V  [jvm.dll+0x2f61c5]
V  [jvm.dll+0x2f60a2]
V  [jvm.dll+0x2f8398]
V  [jvm.dll+0x3447e6]
V  [jvm.dll+0x3441d3]
V  [jvm.dll+0x2c43b8]
V  [jvm.dll+0x2c5501]
V  [jvm.dll+0x69d33b]
V  [jvm.dll+0x69eb5c]
V  [jvm.dll+0x351849]
V  [jvm.dll+0x6859c2]
V  [jvm.dll+0x3ba0a3]
V  [jvm.dll+0x3bc201]
C  [javaw.exe+0x3541]
C  [javaw.exe+0xe1cf]
C  [javaw.exe+0xe376]
C  [KERNEL32.DLL+0x13034]
C  [ntdll.dll+0x71551]


---------------  P R O C E S S  ---------------

Threads class SMR info:
_java_thread_list=0x000001ede5e37c20, length=0, elements={
}

Java Threads: ( => current thread )

Other Threads:
  0x000001ede8327000 GCTaskThread "GC Thread#0" [stack: 0x000000d9df900000,0x000000d9dfa00000] [id=38172]
  0x000001ede8328000 GCTaskThread "GC Thread#1" [stack: 0x000000d9dfa00000,0x000000d9dfb00000] [id=47316]
  0x000001ede832b000 GCTaskThread "GC Thread#2" [stack: 0x000000d9dfb00000,0x000000d9dfc00000] [id=51992]
  0x000001ede832d000 GCTaskThread "GC Thread#3" [stack: 0x000000d9dfc00000,0x000000d9dfd00000] [id=17332]
  0x000001ede8398800 ConcurrentGCThread "G1 Main Marker" [stack: 0x000000d9dfd00000,0x000000d9dfe00000] [id=50808]
  0x000001ede839b800 ConcurrentGCThread "G1 Conc#0" [stack: 0x000000d9dfe00000,0x000000d9dff00000] [id=49140]

[error occurred during error reporting (printing all threads), id 0xe0000002]

VM state:not at safepoint (not fully initialized)

VM Mutex/Monitor currently owned by a thread:  ([mutex/lock_event])
[0x000001ede830b9b0] Heap_lock - owner thread: 0x000001ede830e000

Heap address: 0x0000000082200000, size: 2014 MB, Compressed Oops mode: Non-zero based: 0x0000000082200000
Narrow klass base: 0x0000000000000000, Narrow klass shift: 0

GC Heap History (0 events):
No events

Deoptimization events (0 events):
No events

Classes redefined (0 events):
No events

Internal exceptions (0 events):
No events

Events (0 events):
No events


Dynamic libraries:
0x00007ff6eda30000 - 0x00007ff6eda6e000 	C:\App\Java\jdk-10.0.1\bin\javaw.exe
0x00007ffbf7360000 - 0x00007ffbf7541000 	C:\WINDOWS\SYSTEM32\ntdll.dll
0x00007ffbf6760000 - 0x00007ffbf6812000 	C:\WINDOWS\System32\KERNEL32.DLL
0x00007ffbf3960000 - 0x00007ffbf3bd3000 	C:\WINDOWS\System32\KERNELBASE.dll
0x00007ffbf6100000 - 0x00007ffbf61a1000 	C:\WINDOWS\System32\ADVAPI32.dll
0x00007ffbf6210000 - 0x00007ffbf62ae000 	C:\WINDOWS\System32\msvcrt.dll
0x00007ffbf61b0000 - 0x00007ffbf620b000 	C:\WINDOWS\System32\sechost.dll
0x00007ffbf4b30000 - 0x00007ffbf4c54000 	C:\WINDOWS\System32\RPCRT4.dll
0x00007ffbf6450000 - 0x00007ffbf65e0000 	C:\WINDOWS\System32\USER32.dll
0x00007ffbf4440000 - 0x00007ffbf4460000 	C:\WINDOWS\System32\win32u.dll
0x00007ffbf6410000 - 0x00007ffbf6438000 	C:\WINDOWS\System32\GDI32.dll
0x00007ffbf4650000 - 0x00007ffbf47e2000 	C:\WINDOWS\System32\gdi32full.dll
0x00007ffbf37b0000 - 0x00007ffbf384f000 	C:\WINDOWS\System32\msvcp_win.dll
0x00007ffbf4340000 - 0x00007ffbf443a000 	C:\WINDOWS\System32\ucrtbase.dll
0x00007ffbe4120000 - 0x00007ffbe4389000 	C:\WINDOWS\WinSxS\amd64_microsoft.windows.common-controls_6595b64144ccf1df_6.0.17134.48_none_b4b2216a3cb4dd3e\COMCTL32.dll
0x00007ffbe4f20000 - 0x00007ffbe4f2a000 	C:\WINDOWS\SYSTEM32\VERSION.dll
0x00007ffbf69e0000 - 0x00007ffbf6d03000 	C:\WINDOWS\System32\combase.dll
0x00007ffbf3730000 - 0x00007ffbf37aa000 	C:\WINDOWS\System32\bcryptPrimitives.dll
0x00007ffbf6d70000 - 0x00007ffbf6d9d000 	C:\WINDOWS\System32\IMM32.DLL
0x00007ffbe4930000 - 0x00007ffbe4a1f000 	C:\App\Java\jdk-10.0.1\bin\msvcr120.dll
0x00007ffbe1250000 - 0x00007ffbe12f6000 	C:\App\Java\jdk-10.0.1\bin\msvcp120.dll
0x0000000070700000 - 0x0000000071170000 	C:\App\Java\jdk-10.0.1\bin\server\jvm.dll
0x00007ffbf49c0000 - 0x00007ffbf49c8000 	C:\WINDOWS\System32\PSAPI.DLL
0x00007ffbef380000 - 0x00007ffbef389000 	C:\WINDOWS\SYSTEM32\WSOCK32.dll
0x00007ffbef120000 - 0x00007ffbef143000 	C:\WINDOWS\SYSTEM32\WINMM.dll
0x00007ffbf62b0000 - 0x00007ffbf631c000 	C:\WINDOWS\System32\WS2_32.dll
0x00007ffbef070000 - 0x00007ffbef09a000 	C:\WINDOWS\SYSTEM32\winmmbase.dll
0x00007ffbf42f0000 - 0x00007ffbf4339000 	C:\WINDOWS\System32\cfgmgr32.dll
0x00007ffbf0480000 - 0x00007ffbf048f000 	C:\App\Java\jdk-10.0.1\bin\verify.dll
0x00007ffbe3780000 - 0x00007ffbe3949000 	C:\WINDOWS\SYSTEM32\DBGHELP.DLL
0x00007ffbe0ca0000 - 0x00007ffbe0cc9000 	C:\WINDOWS\SYSTEM32\dbgcore.DLL
0x00007ffbef3a0000 - 0x00007ffbef3c7000 	C:\App\Java\jdk-10.0.1\bin\java.dll
0x00007ffbee4f0000 - 0x00007ffbee506000 	C:\App\Java\jdk-10.0.1\bin\zip.dll
0x00007ffbef390000 - 0x00007ffbef39a000 	C:\App\Java\jdk-10.0.1\bin\jimage.dll

dbghelp: loaded successfully - version: 4.0.5 - missing functions: none
symbol engine: initialized successfully - sym options: 0x614 - pdb path: .;C:\App\Java\jdk-10.0.1\bin;C:\WINDOWS\SYSTEM32;C:\WINDOWS\WinSxS\amd64_microsoft.windows.common-controls_6595b64144ccf1df_6.0.17134.48_none_b4b2216a3cb4dd3e;C:\App\Java\jdk-10.0.1\bin\server

VM Arguments:
jvm_args: -Dfile.encoding=MS949 
java_command: bts.app.MainApp
java_class_path (initial): C:\2.MyDev\workspace\DBMng\bin;C:\2.MyDev\workspace\libs\jdbc\oracle\ojdbc6.jar;C:\2.MyDev\workspace\libs\jdbc\mssql\mssql-jdbc-6.4.0.jre9.jar;C:\2.MyDev\workspace\libs\excel-poi\poi-3.17\lib\commons-collections4-4.1.jar;C:\2.MyDev\workspace\libs\excel-poi\poi-3.17\poi-3.17.jar;C:\2.MyDev\workspace\libs\excel-poi\poi-3.17\poi-ooxml-3.17.jar;C:\2.MyDev\workspace\libs\excel-poi\poi-3.17\poi-ooxml-schemas-3.17.jar;C:\2.MyDev\workspace\libs\javafx\richtextfx-fat-0.9.0.jar;C:\2.MyDev\workspace\libs\excel-poi\poi-3.17\ooxml-lib\xmlbeans-2.6.0.jar
Launcher Type: SUN_STANDARD

Logging:
Log output configuration:
#0: stdout all=warning uptime,level,tags
#1: stderr all=off uptime,level,tags

Environment Variables:
JAVA_HOME=C:\App\Java\jdk-10.0.1
PATH=C:\Program Files (x86)\Common Files\Oracle\Java\javapath;C:\App\gradle\gradle-4.7\bin;C:\App\Java\jdk-10.0.1\bin;C:\App\Oracle\product\11.2.0\dbhome_1\bin;C:\App\Python36\Scripts\;C:\App\Python36\;C:\WINDOWS\system32;C:\WINDOWS;C:\WINDOWS\System32\Wbem;C:\WINDOWS\System32\WindowsPowerShell\v1.0\;C:\Program Files\Microsoft SQL Server\Client SDK\ODBC\110\Tools\Binn\;C:\Program Files (x86)\Microsoft SQL Server\120\Tools\Binn\;C:\Program Files\Microsoft SQL Server\120\Tools\Binn\;C:\Program Files\Microsoft SQL Server\120\DTS\Binn\;C:\Program Files (x86)\Microsoft SQL Server\120\Tools\Binn\ManagementStudio\;C:\Program Files (x86)\Microsoft SQL Server\120\DTS\Binn\;C:\Program Files\dotnet\;C:\Program Files\Microsoft SQL Server\130\Tools\Binn\;C:\Program Files\PuTTY\;C:\Program Files (x86)\Microsoft SQL Server\110\DTS\Binn\;C:\Program Files (x86)\Microsoft SQL Server\130\DTS\Binn\;C:\Program Files (x86)\Microsoft SQL Server\140\DTS\Binn\;C:\Program Files (x86)\Inno Setup 5;C:\App\maven\bin;C:\Program Files\Git\cmd;%ANT_HOME%\bin;C:\Users\sonan\AppData\Local\Microsoft\WindowsApps;C:\Program Files\Bandizip\
USERNAME=sonan
OS=Windows_NT
PROCESSOR_IDENTIFIER=Intel64 Family 6 Model 58 Stepping 9, GenuineIntel



---------------  S Y S T E M  ---------------

OS: Windows 10 , 64 bit Build 17134 (10.0.17134.1)

CPU:total 4 (initial active 4) (2 cores per cpu, 2 threads per core) family 6 model 58 stepping 9, cmov, cx8, fxsr, mmx, sse, sse2, sse3, ssse3, sse4.1, sse4.2, popcnt, avx, clmul, erms, ht, tsc, tscinvbit, tscinv

Memory: 4k page, physical 8244524k(1901788k free), swap 33410348k(6020k free)

vm_info: Java HotSpot(TM) 64-Bit Server VM (10.0.1+10) for windows-amd64 JRE (10.0.1+10), built on Mar 27 2018 02:27:48 by "mach5one" with MS VC++ 12.0 (VS2013)

END.
