#
# There is insufficient memory for the Java Runtime Environment to continue.
# Native memory allocation (malloc) failed to allocate 346176 bytes for Chunk::new
# Possible reasons:
#   The system is out of physical RAM or swap space
#   The process is running with CompressedOops enabled, and the Java Heap may be blocking the growth of the native heap
# Possible solutions:
#   Reduce memory load on the system
#   Increase physical memory or swap space
#   Check if swap backing store is full
#   Decrease Java heap size (-Xmx/-Xms)
#   Decrease number of Java threads
#   Decrease Java thread stack sizes (-Xss)
#   Set larger code cache with -XX:ReservedCodeCacheSize=
#   JVM is running with Unscaled Compressed Oops mode in which the Java heap is
#     placed in the first 4GB address space. The Java Heap base address is the
#     maximum limit for the native heap growth. Please use -XX:HeapBaseMinAddress
#     to set the Java Heap base and to place the Java Heap above 4GB virtual address.
# This output file may be truncated or incomplete.
#
#  Out of Memory Error (t:/workspace/open/src/hotspot/share/memory/arena.cpp:198), pid=12928, tid=51988
#
# JRE version: Java(TM) SE Runtime Environment (10.0.1+10) (build 10.0.1+10)
# Java VM: Java HotSpot(TM) 64-Bit Server VM (10.0.1+10, mixed mode, tiered, compressed oops, g1 gc, windows-amd64)
# No core dump will be written. Minidumps are not enabled by default on client versions of Windows
#

---------------  S U M M A R Y ------------

Command Line: -Dfile.encoding=MS949 bts.app.MainApp

Host: Intel(R) Core(TM) i5-3337U CPU @ 1.80GHz, 4 cores, 7G,  Windows 10 , 64 bit Build 17134 (10.0.17134.1)
Time: Mon Jun 04 20:18:36 2018 ¢¥eCN©öI¡¾©ö C¡ÍA¨ª¨öA elapsed time: 2 seconds (0d 0h 0m 2s)

---------------  T H R E A D  ---------------

Current thread (0x000001cae5caf000):  JavaThread "C2 CompilerThread0" daemon [_thread_in_native, id=51988, stack(0x0000008891100000,0x0000008891200000)]


Current CompileTask:
C2:   2342 1232       4       jdk.internal.jimage.BasicImageReader::getString (48 bytes)

Stack: [0x0000008891100000,0x0000008891200000]
Native frames: (J=compiled Java code, j=interpreted, Vv=VM code, C=native code)
V  [jvm.dll+0x5a0369]
V  [jvm.dll+0x6bcf81]
V  [jvm.dll+0x6be176]
V  [jvm.dll+0x6be803]
V  [jvm.dll+0x234998]
V  [jvm.dll+0xbb92c]
V  [jvm.dll+0xbbe2c]
V  [jvm.dll+0x2a67b4]
V  [jvm.dll+0x4bf92a]
V  [jvm.dll+0x201899]
V  [jvm.dll+0x1feff1]
V  [jvm.dll+0x17ca6b]
V  [jvm.dll+0x20c81d]
V  [jvm.dll+0x20b5e6]
V  [jvm.dll+0x68bb6f]
V  [jvm.dll+0x59f680]
C  [msvcr120.dll+0x24f7f]
C  [msvcr120.dll+0x25126]
C  [KERNEL32.DLL+0x13034]
C  [ntdll.dll+0x71551]


---------------  P R O C E S S  ---------------

Threads class SMR info:
_java_thread_list=0x000001cae980ef20, length=17, elements={
0x000001cac4a4e000, 0x000001cae5c79800, 0x000001cae5c84800, 0x000001cae65a2800,
0x000001cae5ca3000, 0x000001cae5caf000, 0x000001cae5cb2000, 0x000001cae5cbe000,
0x000001cae65ac000, 0x000001cae6785000, 0x000001cae678b000, 0x000001cae6ae2800,
0x000001cae6a92800, 0x000001cae6a94800, 0x000001cae6c9c000, 0x000001cae6c9e800,
0x000001cae6e91800
}

Java Threads: ( => current thread )
  0x000001cac4a4e000 JavaThread "main" [_thread_blocked, id=42496, stack(0x0000008890000000,0x0000008890100000)]
  0x000001cae5c79800 JavaThread "Reference Handler" daemon [_thread_blocked, id=4740, stack(0x0000008890d00000,0x0000008890e00000)]
  0x000001cae5c84800 JavaThread "Finalizer" daemon [_thread_blocked, id=4524, stack(0x0000008890e00000,0x0000008890f00000)]
  0x000001cae65a2800 JavaThread "Signal Dispatcher" daemon [_thread_blocked, id=46276, stack(0x0000008890f00000,0x0000008891000000)]
  0x000001cae5ca3000 JavaThread "Attach Listener" daemon [_thread_blocked, id=51728, stack(0x0000008891000000,0x0000008891100000)]
=>0x000001cae5caf000 JavaThread "C2 CompilerThread0" daemon [_thread_in_native, id=51988, stack(0x0000008891100000,0x0000008891200000)]
  0x000001cae5cb2000 JavaThread "C2 CompilerThread1" daemon [_thread_in_native, id=45584, stack(0x0000008891200000,0x0000008891300000)]
  0x000001cae5cbe000 JavaThread "C1 CompilerThread2" daemon [_thread_in_native, id=1776, stack(0x0000008891300000,0x0000008891400000)]
  0x000001cae65ac000 JavaThread "Sweeper thread" daemon [_thread_blocked, id=48656, stack(0x0000008891400000,0x0000008891500000)]
  0x000001cae6785000 JavaThread "Service Thread" daemon [_thread_blocked, id=48764, stack(0x0000008891500000,0x0000008891600000)]
  0x000001cae678b000 JavaThread "Common-Cleaner" daemon [_thread_blocked, id=45424, stack(0x0000008891600000,0x0000008891700000)]
  0x000001cae6ae2800 JavaThread "QuantumRenderer-0" daemon [_thread_blocked, id=7264, stack(0x0000008891800000,0x0000008891900000)]
  0x000001cae6a92800 JavaThread "InvokeLaterDispatcher" daemon [_thread_blocked, id=39144, stack(0x0000008891a00000,0x0000008891b00000)]
  0x000001cae6a94800 JavaThread "JavaFX Application Thread" [_thread_in_Java, id=36132, stack(0x0000008891b00000,0x0000008891c00000)]
  0x000001cae6c9c000 JavaThread "Thread-1" daemon [_thread_in_native, id=18792, stack(0x0000008891f00000,0x0000008892000000)]
  0x000001cae6c9e800 JavaThread "JavaFX-Launcher" [_thread_blocked, id=37412, stack(0x0000008892000000,0x0000008892100000)]
  0x000001cae6e91800 JavaThread "Java2D Disposer" daemon [_thread_blocked, id=29796, stack(0x0000008892100000,0x0000008892200000)]

Other Threads:
  0x000001cae5c75000 VMThread "VM Thread" [stack: 0x0000008890c00000,0x0000008890d00000] [id=29228]
  0x000001cae678c000 WatcherThread [stack: 0x0000008891700000,0x0000008891800000] [id=23212]
  0x000001cac4a67000 GCTaskThread "GC Thread#0" [stack: 0x0000008890100000,0x0000008890200000] [id=52140]
  0x000001cac4a68800 GCTaskThread "GC Thread#1" [stack: 0x0000008890200000,0x0000008890300000] [id=29684]
  0x000001cac4a6b000 GCTaskThread "GC Thread#2" [stack: 0x0000008890300000,0x0000008890400000] [id=47264]
  0x000001cac4a6d800 GCTaskThread "GC Thread#3" [stack: 0x0000008890400000,0x0000008890500000] [id=3056]
  0x000001cac4ad8800 ConcurrentGCThread "G1 Main Marker" [stack: 0x0000008890500000,0x0000008890600000] [id=53116]
  0x000001cac4adc800 ConcurrentGCThread "G1 Conc#0" [stack: 0x0000008890600000,0x0000008890700000] [id=50888]
  0x000001cae5afd800 ConcurrentGCThread "G1 Refine#0" [stack: 0x0000008890700000,0x0000008890800000] [id=11732]
  0x000001cae5b00800 ConcurrentGCThread "G1 Refine#1" [stack: 0x0000008890800000,0x0000008890900000] [id=28056]
  0x000001cae5b03000 ConcurrentGCThread "G1 Refine#2" [stack: 0x0000008890900000,0x0000008890a00000] [id=46304]
  0x000001cae5b05000 ConcurrentGCThread "G1 Refine#3" [stack: 0x0000008890a00000,0x0000008890b00000] [id=51004]
  0x000001cae5b09000 ConcurrentGCThread "G1 Young RemSet Sampling" [stack: 0x0000008890b00000,0x0000008890c00000] [id=47804]

Threads with active compile tasks:
C2 CompilerThread01232       4       jdk.internal.jimage.BasicImageReader::getString (48 bytes)
C2 CompilerThread11039   !   4       com.sun.javafx.css.ParsedValueImpl::readBinary (688 bytes)
C1 CompilerThread21265       3       java.lang.invoke.InvokerBytecodeGenerator::classFilePrologue (86 bytes)

VM state:not at safepoint (normal execution)

VM Mutex/Monitor currently owned by a thread: None

Heap address: 0x0000000082200000, size: 2014 MB, Compressed Oops mode: 32-bit
Narrow klass base: 0x0000000000000000, Narrow klass shift: 3
Compressed class space size: 1073741824 Address: 0x0000000100000000

Heap:
 garbage-first heap   total 129024K, used 9988K [0x0000000082200000, 0x0000000100000000)
  region size 1024K, 5 young (5120K), 1 survivors (1024K)
 Metaspace       used 18325K, capacity 18845K, committed 19200K, reserved 1067008K
  class space    used 2264K, capacity 2513K, committed 2560K, reserved 1048576K
Heap Regions: E=young(eden), S=young(survivor), O=old, HS=humongous(starts), HC=humongous(continues), CS=collection set, F=free, A=archive, TS=gc time stamp, AC=allocation context, TAMS=top-at-mark-start (previous, next)
|   0|0x0000000082200000, 0x0000000082300000, 0x0000000082300000|100%|HS|  |TS  0|AC  0|TAMS 0x0000000082200000, 0x0000000082200000|
|   1|0x0000000082300000, 0x0000000082400000, 0x0000000082400000|100%| O|  |TS  1|AC  0|TAMS 0x0000000082300000, 0x0000000082300000|
|   2|0x0000000082400000, 0x0000000082500000, 0x0000000082500000|100%| O|  |TS  1|AC  0|TAMS 0x0000000082400000, 0x0000000082400000|
|   3|0x0000000082500000, 0x0000000082600000, 0x0000000082600000|100%| O|  |TS  2|AC  0|TAMS 0x0000000082500000, 0x0000000082500000|
|   4|0x0000000082600000, 0x0000000082700000, 0x0000000082700000|100%| O|  |TS  2|AC  0|TAMS 0x0000000082600000, 0x0000000082600000|
|   5|0x0000000082700000, 0x00000000827c1000, 0x0000000082800000| 75%| O|  |TS  2|AC  0|TAMS 0x0000000082700000, 0x0000000082700000|
|   6|0x0000000082800000, 0x0000000082800000, 0x0000000082900000|  0%| F|  |TS  0|AC  0|TAMS 0x0000000082800000, 0x0000000082800000|
|   7|0x0000000082900000, 0x0000000082900000, 0x0000000082a00000|  0%| F|  |TS  0|AC  0|TAMS 0x0000000082900000, 0x0000000082900000|
|   8|0x0000000082a00000, 0x0000000082a00000, 0x0000000082b00000|  0%| F|  |TS  0|AC  0|TAMS 0x0000000082a00000, 0x0000000082a00000|
|   9|0x0000000082b00000, 0x0000000082b00000, 0x0000000082c00000|  0%| F|  |TS  0|AC  0|TAMS 0x0000000082b00000, 0x0000000082b00000|
|  10|0x0000000082c00000, 0x0000000082c00000, 0x0000000082d00000|  0%| F|  |TS  0|AC  0|TAMS 0x0000000082c00000, 0x0000000082c00000|
|  11|0x0000000082d00000, 0x0000000082d00000, 0x0000000082e00000|  0%| F|  |TS  0|AC  0|TAMS 0x0000000082d00000, 0x0000000082d00000|
|  12|0x0000000082e00000, 0x0000000082e00000, 0x0000000082f00000|  0%| F|  |TS  0|AC  0|TAMS 0x0000000082e00000, 0x0000000082e00000|
|  13|0x0000000082f00000, 0x0000000082f00000, 0x0000000083000000|  0%| F|  |TS  0|AC  0|TAMS 0x0000000082f00000, 0x0000000082f00000|
|  14|0x0000000083000000, 0x0000000083000000, 0x0000000083100000|  0%| F|  |TS  0|AC  0|TAMS 0x0000000083000000, 0x0000000083000000|
|  15|0x0000000083100000, 0x0000000083100000, 0x0000000083200000|  0%| F|  |TS  0|AC  0|TAMS 0x0000000083100000, 0x0000000083100000|
|  16|0x0000000083200000, 0x0000000083200000, 0x0000000083300000|  0%| F|  |TS  0|AC  0|TAMS 0x0000000083200000, 0x0000000083200000|
|  17|0x0000000083300000, 0x0000000083300000, 0x0000000083400000|  0%| F|  |TS  0|AC  0|TAMS 0x0000000083300000, 0x0000000083300000|
|  18|0x0000000083400000, 0x0000000083400000, 0x0000000083500000|  0%| F|  |TS  0|AC  0|TAMS 0x0000000083400000, 0x0000000083400000|
|  19|0x0000000083500000, 0x0000000083500000, 0x0000000083600000|  0%| F|  |TS  0|AC  0|TAMS 0x0000000083500000, 0x0000000083500000|
|  20|0x0000000083600000, 0x0000000083600000, 0x0000000083700000|  0%| F|  |TS  0|AC  0|TAMS 0x0000000083600000, 0x0000000083600000|
|  21|0x0000000083700000, 0x0000000083700000, 0x0000000083800000|  0%| F|  |TS  0|AC  0|TAMS 0x0000000083700000, 0x0000000083700000|
|  22|0x0000000083800000, 0x0000000083800000, 0x0000000083900000|  0%| F|  |TS  0|AC  0|TAMS 0x0000000083800000, 0x0000000083800000|
|  23|0x0000000083900000, 0x0000000083900000, 0x0000000083a00000|  0%| F|  |TS  0|AC  0|TAMS 0x0000000083900000, 0x0000000083900000|
|  24|0x0000000083a00000, 0x0000000083a00000, 0x0000000083b00000|  0%| F|  |TS  0|AC  0|TAMS 0x0000000083a00000, 0x0000000083a00000|
|  25|0x0000000083b00000, 0x0000000083b00000, 0x0000000083c00000|  0%| F|  |TS  0|AC  0|TAMS 0x0000000083b00000, 0x0000000083b00000|
|  26|0x0000000083c00000, 0x0000000083c00000, 0x0000000083d00000|  0%| F|  |TS  0|AC  0|TAMS 0x0000000083c00000, 0x0000000083c00000|
|  27|0x0000000083d00000, 0x0000000083d00000, 0x0000000083e00000|  0%| F|  |TS  0|AC  0|TAMS 0x0000000083d00000, 0x0000000083d00000|
|  28|0x0000000083e00000, 0x0000000083e00000, 0x0000000083f00000|  0%| F|  |TS  0|AC  0|TAMS 0x0000000083e00000, 0x0000000083e00000|
|  29|0x0000000083f00000, 0x0000000083f00000, 0x0000000084000000|  0%| F|  |TS  0|AC  0|TAMS 0x0000000083f00000, 0x0000000083f00000|
|  30|0x0000000084000000, 0x0000000084000000, 0x0000000084100000|  0%| F|  |TS  0|AC  0|TAMS 0x0000000084000000, 0x0000000084000000|
|  31|0x0000000084100000, 0x0000000084100000, 0x0000000084200000|  0%| F|  |TS  0|AC  0|TAMS 0x0000000084100000, 0x0000000084100000|
|  32|0x0000000084200000, 0x0000000084200000, 0x0000000084300000|  0%| F|  |TS  0|AC  0|TAMS 0x0000000084200000, 0x0000000084200000|
|  33|0x0000000084300000, 0x0000000084300000, 0x0000000084400000|  0%| F|  |TS  0|AC  0|TAMS 0x0000000084300000, 0x0000000084300000|
|  34|0x0000000084400000, 0x0000000084400000, 0x0000000084500000|  0%| F|  |TS  0|AC  0|TAMS 0x0000000084400000, 0x0000000084400000|
|  35|0x0000000084500000, 0x0000000084500000, 0x0000000084600000|  0%| F|  |TS  0|AC  0|TAMS 0x0000000084500000, 0x0000000084500000|
|  36|0x0000000084600000, 0x0000000084600000, 0x0000000084700000|  0%| F|  |TS  0|AC  0|TAMS 0x0000000084600000, 0x0000000084600000|
|  37|0x0000000084700000, 0x0000000084700000, 0x0000000084800000|  0%| F|  |TS  0|AC  0|TAMS 0x0000000084700000, 0x0000000084700000|
|  38|0x0000000084800000, 0x0000000084800000, 0x0000000084900000|  0%| F|  |TS  0|AC  0|TAMS 0x0000000084800000, 0x0000000084800000|
|  39|0x0000000084900000, 0x0000000084900000, 0x0000000084a00000|  0%| F|  |TS  0|AC  0|TAMS 0x0000000084900000, 0x0000000084900000|
|  40|0x0000000084a00000, 0x0000000084a00000, 0x0000000084b00000|  0%| F|  |TS  0|AC  0|TAMS 0x0000000084a00000, 0x0000000084a00000|
|  41|0x0000000084b00000, 0x0000000084b00000, 0x0000000084c00000|  0%| F|  |TS  0|AC  0|TAMS 0x0000000084b00000, 0x0000000084b00000|
|  42|0x0000000084c00000, 0x0000000084c00000, 0x0000000084d00000|  0%| F|  |TS  0|AC  0|TAMS 0x0000000084c00000, 0x0000000084c00000|
|  43|0x0000000084d00000, 0x0000000084d00000, 0x0000000084e00000|  0%| F|  |TS  0|AC  0|TAMS 0x0000000084d00000, 0x0000000084d00000|
|  44|0x0000000084e00000, 0x0000000084e00000, 0x0000000084f00000|  0%| F|  |TS  0|AC  0|TAMS 0x0000000084e00000, 0x0000000084e00000|
|  45|0x0000000084f00000, 0x0000000084f00000, 0x0000000085000000|  0%| F|  |TS  0|AC  0|TAMS 0x0000000084f00000, 0x0000000084f00000|
|  46|0x0000000085000000, 0x0000000085000000, 0x0000000085100000|  0%| F|  |TS  0|AC  0|TAMS 0x0000000085000000, 0x0000000085000000|
|  47|0x0000000085100000, 0x0000000085100000, 0x0000000085200000|  0%| F|  |TS  0|AC  0|TAMS 0x0000000085100000, 0x0000000085100000|
|  48|0x0000000085200000, 0x0000000085200000, 0x0000000085300000|  0%| F|  |TS  0|AC  0|TAMS 0x0000000085200000, 0x0000000085200000|
|  49|0x0000000085300000, 0x0000000085300000, 0x0000000085400000|  0%| F|  |TS  0|AC  0|TAMS 0x0000000085300000, 0x0000000085300000|
|  50|0x0000000085400000, 0x0000000085400000, 0x0000000085500000|  0%| F|  |TS  0|AC  0|TAMS 0x0000000085400000, 0x0000000085400000|
|  51|0x0000000085500000, 0x0000000085500000, 0x0000000085600000|  0%| F|  |TS  0|AC  0|TAMS 0x0000000085500000, 0x0000000085500000|
|  52|0x0000000085600000, 0x0000000085600000, 0x0000000085700000|  0%| F|  |TS  0|AC  0|TAMS 0x0000000085600000, 0x0000000085600000|
|  53|0x0000000085700000, 0x0000000085700000, 0x0000000085800000|  0%| F|  |TS  0|AC  0|TAMS 0x0000000085700000, 0x0000000085700000|
|  54|0x0000000085800000, 0x0000000085800000, 0x0000000085900000|  0%| F|  |TS  0|AC  0|TAMS 0x0000000085800000, 0x0000000085800000|
|  55|0x0000000085900000, 0x0000000085900000, 0x0000000085a00000|  0%| F|  |TS  0|AC  0|TAMS 0x0000000085900000, 0x0000000085900000|
|  56|0x0000000085a00000, 0x0000000085a00000, 0x0000000085b00000|  0%| F|  |TS  0|AC  0|TAMS 0x0000000085a00000, 0x0000000085a00000|
|  57|0x0000000085b00000, 0x0000000085b00000, 0x0000000085c00000|  0%| F|  |TS  0|AC  0|TAMS 0x0000000085b00000, 0x0000000085b00000|
|  58|0x0000000085c00000, 0x0000000085c00000, 0x0000000085d00000|  0%| F|  |TS  0|AC  0|TAMS 0x0000000085c00000, 0x0000000085c00000|
|  59|0x0000000085d00000, 0x0000000085d00000, 0x0000000085e00000|  0%| F|  |TS  0|AC  0|TAMS 0x0000000085d00000, 0x0000000085d00000|
|  60|0x0000000085e00000, 0x0000000085e00000, 0x0000000085f00000|  0%| F|  |TS  0|AC  0|TAMS 0x0000000085e00000, 0x0000000085e00000|
|  61|0x0000000085f00000, 0x0000000085f00000, 0x0000000086000000|  0%| F|  |TS  0|AC  0|TAMS 0x0000000085f00000, 0x0000000085f00000|
|  62|0x0000000086000000, 0x0000000086000000, 0x0000000086100000|  0%| F|  |TS  0|AC  0|TAMS 0x0000000086000000, 0x0000000086000000|
|  63|0x0000000086100000, 0x0000000086100000, 0x0000000086200000|  0%| F|  |TS  0|AC  0|TAMS 0x0000000086100000, 0x0000000086100000|
|  64|0x0000000086200000, 0x0000000086200000, 0x0000000086300000|  0%| F|  |TS  0|AC  0|TAMS 0x0000000086200000, 0x0000000086200000|
|  65|0x0000000086300000, 0x0000000086300000, 0x0000000086400000|  0%| F|  |TS  0|AC  0|TAMS 0x0000000086300000, 0x0000000086300000|
|  66|0x0000000086400000, 0x0000000086400000, 0x0000000086500000|  0%| F|  |TS  0|AC  0|TAMS 0x0000000086400000, 0x0000000086400000|
|  67|0x0000000086500000, 0x0000000086500000, 0x0000000086600000|  0%| F|  |TS  0|AC  0|TAMS 0x0000000086500000, 0x0000000086500000|
|  68|0x0000000086600000, 0x0000000086600000, 0x0000000086700000|  0%| F|  |TS  0|AC  0|TAMS 0x0000000086600000, 0x0000000086600000|
|  69|0x0000000086700000, 0x0000000086700000, 0x0000000086800000|  0%| F|  |TS  0|AC  0|TAMS 0x0000000086700000, 0x0000000086700000|
|  70|0x0000000086800000, 0x0000000086800000, 0x0000000086900000|  0%| F|  |TS  0|AC  0|TAMS 0x0000000086800000, 0x0000000086800000|
|  71|0x0000000086900000, 0x0000000086900000, 0x0000000086a00000|  0%| F|  |TS  0|AC  0|TAMS 0x0000000086900000, 0x0000000086900000|
|  72|0x0000000086a00000, 0x0000000086a00000, 0x0000000086b00000|  0%| F|  |TS  0|AC  0|TAMS 0x0000000086a00000, 0x0000000086a00000|
|  73|0x0000000086b00000, 0x0000000086b00000, 0x0000000086c00000|  0%| F|  |TS  0|AC  0|TAMS 0x0000000086b00000, 0x0000000086b00000|
|  74|0x0000000086c00000, 0x0000000086c00000, 0x0000000086d00000|  0%| F|  |TS  0|AC  0|TAMS 0x0000000086c00000, 0x0000000086c00000|
|  75|0x0000000086d00000, 0x0000000086d00000, 0x0000000086e00000|  0%| F|  |TS  0|AC  0|TAMS 0x0000000086d00000, 0x0000000086d00000|
|  76|0x0000000086e00000, 0x0000000086e00000, 0x0000000086f00000|  0%| F|  |TS  0|AC  0|TAMS 0x0000000086e00000, 0x0000000086e00000|
|  77|0x0000000086f00000, 0x0000000086f00000, 0x0000000087000000|  0%| F|  |TS  0|AC  0|TAMS 0x0000000086f00000, 0x0000000086f00000|
|  78|0x0000000087000000, 0x0000000087000000, 0x0000000087100000|  0%| F|  |TS  0|AC  0|TAMS 0x0000000087000000, 0x0000000087000000|
|  79|0x0000000087100000, 0x0000000087100000, 0x0000000087200000|  0%| F|  |TS  0|AC  0|TAMS 0x0000000087100000, 0x0000000087100000|
|  80|0x0000000087200000, 0x0000000087200000, 0x0000000087300000|  0%| F|  |TS  0|AC  0|TAMS 0x0000000087200000, 0x0000000087200000|
|  81|0x0000000087300000, 0x0000000087300000, 0x0000000087400000|  0%| F|  |TS  0|AC  0|TAMS 0x0000000087300000, 0x0000000087300000|
|  82|0x0000000087400000, 0x0000000087400000, 0x0000000087500000|  0%| F|  |TS  0|AC  0|TAMS 0x0000000087400000, 0x0000000087400000|
|  83|0x0000000087500000, 0x0000000087500000, 0x0000000087600000|  0%| F|  |TS  0|AC  0|TAMS 0x0000000087500000, 0x0000000087500000|
|  84|0x0000000087600000, 0x0000000087600000, 0x0000000087700000|  0%| F|  |TS  0|AC  0|TAMS 0x0000000087600000, 0x0000000087600000|
|  85|0x0000000087700000, 0x0000000087700000, 0x0000000087800000|  0%| F|  |TS  0|AC  0|TAMS 0x0000000087700000, 0x0000000087700000|
|  86|0x0000000087800000, 0x0000000087800000, 0x0000000087900000|  0%| F|  |TS  0|AC  0|TAMS 0x0000000087800000, 0x0000000087800000|
|  87|0x0000000087900000, 0x0000000087900000, 0x0000000087a00000|  0%| F|  |TS  0|AC  0|TAMS 0x0000000087900000, 0x0000000087900000|
|  88|0x0000000087a00000, 0x0000000087a00000, 0x0000000087b00000|  0%| F|  |TS  0|AC  0|TAMS 0x0000000087a00000, 0x0000000087a00000|
|  89|0x0000000087b00000, 0x0000000087b00000, 0x0000000087c00000|  0%| F|  |TS  0|AC  0|TAMS 0x0000000087b00000, 0x0000000087b00000|
|  90|0x0000000087c00000, 0x0000000087c00000, 0x0000000087d00000|  0%| F|  |TS  0|AC  0|TAMS 0x0000000087c00000, 0x0000000087c00000|
|  91|0x0000000087d00000, 0x0000000087d00000, 0x0000000087e00000|  0%| F|  |TS  0|AC  0|TAMS 0x0000000087d00000, 0x0000000087d00000|
|  92|0x0000000087e00000, 0x0000000087e00000, 0x0000000087f00000|  0%| F|  |TS  0|AC  0|TAMS 0x0000000087e00000, 0x0000000087e00000|
|  93|0x0000000087f00000, 0x0000000087f00000, 0x0000000088000000|  0%| F|  |TS  0|AC  0|TAMS 0x0000000087f00000, 0x0000000087f00000|
|  94|0x0000000088000000, 0x0000000088000000, 0x0000000088100000|  0%| F|  |TS  0|AC  0|TAMS 0x0000000088000000, 0x0000000088000000|
|  95|0x0000000088100000, 0x0000000088100000, 0x0000000088200000|  0%| F|  |TS  0|AC  0|TAMS 0x0000000088100000, 0x0000000088100000|
|  96|0x0000000088200000, 0x0000000088200000, 0x0000000088300000|  0%| F|  |TS  0|AC  0|TAMS 0x0000000088200000, 0x0000000088200000|
|  97|0x0000000088300000, 0x0000000088300000, 0x0000000088400000|  0%| F|  |TS  0|AC  0|TAMS 0x0000000088300000, 0x0000000088300000|
|  98|0x0000000088400000, 0x0000000088400000, 0x0000000088500000|  0%| F|  |TS  0|AC  0|TAMS 0x0000000088400000, 0x0000000088400000|
|  99|0x0000000088500000, 0x0000000088500000, 0x0000000088600000|  0%| F|  |TS  0|AC  0|TAMS 0x0000000088500000, 0x0000000088500000|
| 100|0x0000000088600000, 0x0000000088600000, 0x0000000088700000|  0%| F|  |TS  0|AC  0|TAMS 0x0000000088600000, 0x0000000088600000|
| 101|0x0000000088700000, 0x0000000088700000, 0x0000000088800000|  0%| F|  |TS  0|AC  0|TAMS 0x0000000088700000, 0x0000000088700000|
| 102|0x0000000088800000, 0x0000000088800000, 0x0000000088900000|  0%| F|  |TS  0|AC  0|TAMS 0x0000000088800000, 0x0000000088800000|
| 103|0x0000000088900000, 0x0000000088900000, 0x0000000088a00000|  0%| F|  |TS  0|AC  0|TAMS 0x0000000088900000, 0x0000000088900000|
| 104|0x0000000088a00000, 0x0000000088a00000, 0x0000000088b00000|  0%| F|  |TS  0|AC  0|TAMS 0x0000000088a00000, 0x0000000088a00000|
| 105|0x0000000088b00000, 0x0000000088b00000, 0x0000000088c00000|  0%| F|  |TS  0|AC  0|TAMS 0x0000000088b00000, 0x0000000088b00000|
| 106|0x0000000088c00000, 0x0000000088c00000, 0x0000000088d00000|  0%| F|  |TS  0|AC  0|TAMS 0x0000000088c00000, 0x0000000088c00000|
| 107|0x0000000088d00000, 0x0000000088d00000, 0x0000000088e00000|  0%| F|  |TS  0|AC  0|TAMS 0x0000000088d00000, 0x0000000088d00000|
| 108|0x0000000088e00000, 0x0000000088e00000, 0x0000000088f00000|  0%| F|  |TS  0|AC  0|TAMS 0x0000000088e00000, 0x0000000088e00000|
| 109|0x0000000088f00000, 0x0000000088f00000, 0x0000000089000000|  0%| F|  |TS  0|AC  0|TAMS 0x0000000088f00000, 0x0000000088f00000|
| 110|0x0000000089000000, 0x0000000089000000, 0x0000000089100000|  0%| F|  |TS  2|AC  0|TAMS 0x0000000089000000, 0x0000000089000000|
| 111|0x0000000089100000, 0x0000000089100000, 0x0000000089200000|  0%| F|  |TS  2|AC  0|TAMS 0x0000000089100000, 0x0000000089100000|
| 112|0x0000000089200000, 0x0000000089200000, 0x0000000089300000|  0%| F|  |TS  1|AC  0|TAMS 0x0000000089200000, 0x0000000089200000|
| 113|0x0000000089300000, 0x0000000089300000, 0x0000000089400000|  0%| F|  |TS  1|AC  0|TAMS 0x0000000089300000, 0x0000000089300000|
| 114|0x0000000089400000, 0x0000000089400000, 0x0000000089500000|  0%| F|  |TS  1|AC  0|TAMS 0x0000000089400000, 0x0000000089400000|
| 115|0x0000000089500000, 0x0000000089500000, 0x0000000089600000|  0%| F|  |TS  1|AC  0|TAMS 0x0000000089500000, 0x0000000089500000|
| 116|0x0000000089600000, 0x0000000089600000, 0x0000000089700000|  0%| F|  |TS  1|AC  0|TAMS 0x0000000089600000, 0x0000000089600000|
| 117|0x0000000089700000, 0x0000000089700000, 0x0000000089800000|  0%| F|  |TS  1|AC  0|TAMS 0x0000000089700000, 0x0000000089700000|
| 118|0x0000000089800000, 0x0000000089800000, 0x0000000089900000|  0%| F|  |TS  1|AC  0|TAMS 0x0000000089800000, 0x0000000089800000|
| 119|0x0000000089900000, 0x0000000089900000, 0x0000000089a00000|  0%| F|  |TS  1|AC  0|TAMS 0x0000000089900000, 0x0000000089900000|
| 120|0x0000000089a00000, 0x0000000089a00000, 0x0000000089b00000|  0%| F|  |TS  1|AC  0|TAMS 0x0000000089a00000, 0x0000000089a00000|
| 121|0x0000000089b00000, 0x0000000089c00000, 0x0000000089c00000|100%| S|CS|TS  2|AC  0|TAMS 0x0000000089b00000, 0x0000000089b00000|
| 122|0x0000000089c00000, 0x0000000089c867d0, 0x0000000089d00000| 52%| E|  |TS  2|AC  0|TAMS 0x0000000089c00000, 0x0000000089c00000|
| 123|0x0000000089d00000, 0x0000000089e00000, 0x0000000089e00000|100%| E|CS|TS  2|AC  0|TAMS 0x0000000089d00000, 0x0000000089d00000|
| 124|0x0000000089e00000, 0x0000000089f00000, 0x0000000089f00000|100%| E|CS|TS  2|AC  0|TAMS 0x0000000089e00000, 0x0000000089e00000|
| 125|0x0000000089f00000, 0x000000008a000000, 0x000000008a000000|100%| E|CS|TS  2|AC  0|TAMS 0x0000000089f00000, 0x0000000089f00000|

Card table byte_map: [0x000001cadf1d0000,0x000001cadf5c0000] byte_map_base: 0x000001cadedbf000

Marking Bits (Prev, Next): (CMBitMap*) 0x000001cac4ad7a10, (CMBitMap*) 0x000001cac4ad7a48
 Prev Bits: [0x000001cadf9b0000, 0x000001cae1928000)
 Next Bits: [0x000001cae1930000, 0x000001cae38a8000)

Polling page: 0x000001cac2500000

CodeHeap 'non-profiled nmethods': size=120064Kb used=488Kb max_used=488Kb free=119575Kb
 bounds [0x000001cad78a0000, 0x000001cad7b10000, 0x000001cadede0000]
CodeHeap 'profiled nmethods': size=120000Kb used=2275Kb max_used=2275Kb free=117724Kb
 bounds [0x000001cad0370000, 0x000001cad05e0000, 0x000001cad78a0000]
CodeHeap 'non-nmethods': size=5696Kb used=1262Kb max_used=1275Kb free=4433Kb
 bounds [0x000001cacfde0000, 0x000001cad0050000, 0x000001cad0370000]
 total_blobs=2216 nmethods=1277 adapters=559
 compilation: enabled

Compilation events (10 events):
Event: 2.328 Thread 0x000001cae5cbe000 1237       3       java.lang.CharacterData::of (120 bytes)
Event: 2.328 Thread 0x000001cae5cbe000 nmethod 1237 0x000001cad0593b90 code [0x000001cad0593da0, 0x000001cad0594358]
Event: 2.328 Thread 0x000001cae5cbe000 1238       3       java.lang.String::hashCode (49 bytes)
Event: 2.329 Thread 0x000001cae5cbe000 nmethod 1238 0x000001cad0594510 code [0x000001cad0594700, 0x000001cad0594b50]
Event: 2.334 Thread 0x000001cae5cbe000 1239       3       java.lang.Character::isSurrogate (18 bytes)
Event: 2.334 Thread 0x000001cae5cbe000 nmethod 1239 0x000001cad0594c90 code [0x000001cad0594e40, 0x000001cad0595018]
Event: 2.335 Thread 0x000001cae5cbe000 1240       3       java.lang.String::isLatin1 (19 bytes)
Event: 2.335 Thread 0x000001cae5cbe000 nmethod 1240 0x000001cad0595090 code [0x000001cad0595240, 0x000001cad0595418]
Event: 2.335 Thread 0x000001cae5cbe000 1241       3       java.lang.String::equals (65 bytes)
Event: 2.336 Thread 0x000001cae5cbe000 nmethod 1241 0x000001cad0595490 code [0x000001cad05956a0, 0x000001cad0595d60]

GC Heap History (4 events):
Event: 1.667 GC heap before
{Heap before GC invocations=0 (full 0):
 garbage-first heap   total 129024K, used 15360K [0x0000000082200000, 0x0000000100000000)
  region size 1024K, 14 young (14336K), 0 survivors (0K)
 Metaspace       used 13777K, capacity 14059K, committed 14208K, reserved 1062912K
  class space    used 1460K, capacity 1627K, committed 1664K, reserved 1048576K
}
Event: 1.676 GC heap after
{Heap after GC invocations=1 (full 0):
 garbage-first heap   total 129024K, used 5708K [0x0000000082200000, 0x0000000100000000)
  region size 1024K, 2 young (2048K), 2 survivors (2048K)
 Metaspace       used 13777K, capacity 14059K, committed 14208K, reserved 1062912K
  class space    used 1460K, capacity 1627K, committed 1664K, reserved 1048576K
}
Event: 1.991 GC heap before
{Heap before GC invocations=1 (full 0):
 garbage-first heap   total 129024K, used 9804K [0x0000000082200000, 0x0000000100000000)
  region size 1024K, 6 young (6144K), 2 survivors (2048K)
 Metaspace       used 15855K, capacity 16248K, committed 16640K, reserved 1064960K
  class space    used 1755K, capacity 1933K, committed 2048K, reserved 1048576K
}
Event: 1.999 GC heap after
{Heap after GC invocations=2 (full 0):
 garbage-first heap   total 129024K, used 6916K [0x0000000082200000, 0x0000000100000000)
  region size 1024K, 1 young (1024K), 1 survivors (1024K)
 Metaspace       used 15855K, capacity 16248K, committed 16640K, reserved 1064960K
  class space    used 1755K, capacity 1933K, committed 2048K, reserved 1048576K
}

Deoptimization events (10 events):
Event: 2.104 Thread 0x000001cae6a94800 Uncommon trap: reason=class_check action=maybe_recompile pc=0x000001cad78b75c0 method=java.lang.String.equals(Ljava/lang/Object;)Z @ 8 c2
Event: 2.107 Thread 0x000001cae6a94800 Uncommon trap: reason=class_check action=maybe_recompile pc=0x000001cad78b75c0 method=java.lang.String.equals(Ljava/lang/Object;)Z @ 8 c2
Event: 2.318 Thread 0x000001cae6a94800 Uncommon trap: reason=unstable_if action=reinterpret pc=0x000001cad78f7d60 method=java.lang.CharacterData.of(I)Ljava/lang/CharacterData; @ 4 c2
Event: 2.324 Thread 0x000001cae6a94800 Uncommon trap: reason=unstable_if action=reinterpret pc=0x000001cad78c95e0 method=java.lang.String.getBytes([BIB)V @ 5 c2
Event: 2.324 Thread 0x000001cae6a94800 Uncommon trap: reason=unstable_if action=reinterpret pc=0x000001cad78b9df0 method=java.lang.String.isLatin1()Z @ 10 c2
Event: 2.325 Thread 0x000001cae6a94800 Uncommon trap: reason=unstable_if action=reinterpret pc=0x000001cad7903d2c method=java.lang.String.isLatin1()Z @ 10 c2
Event: 2.325 Thread 0x000001cae6a94800 Uncommon trap: reason=unstable_if action=reinterpret pc=0x000001cad78e6bbc method=java.lang.String.isLatin1()Z @ 10 c2
Event: 2.325 Thread 0x000001cae6a94800 Uncommon trap: reason=unstable_if action=reinterpret pc=0x000001cad78a3c78 method=java.lang.String.isLatin1()Z @ 10 c2
Event: 2.333 Thread 0x000001cae6a94800 Uncommon trap: reason=unstable_if action=reinterpret pc=0x000001cad791494c method=java.lang.String.isLatin1()Z @ 10 c2
Event: 2.333 Thread 0x000001cae6a94800 Uncommon trap: reason=unstable_if action=reinterpret pc=0x000001cad790e32c method=java.lang.String.isLatin1()Z @ 10 c2

Classes redefined (0 events):
No events

Internal exceptions (10 events):
Event: 1.860 Thread 0x000001cae6a94800 Implicit null exception at 0x000001cad78ff4b5 to 0x000001cad78ffb16
Event: 1.991 Thread 0x000001cae6a94800 Exception <a 'java/lang/NoSuchMethodError'{0x0000000089c7f690}: method resolution failed> (0x0000000089c7f690) thrown at [t:/workspace/open/src/hotspot/share/prims/methodHandles.cpp, line 1226]
Event: 2.120 Thread 0x000001cae6a94800 Exception <a 'java/lang/NoSuchMethodError'{0x0000000089f693f8}: java.lang.invoke.DirectMethodHandle$Holder.invokeStatic(Ljava/lang/Object;Ljava/lang/Object;)I> (0x0000000089f693f8) thrown at [t:/workspace/open/src/hotspot/share/interpreter/linkResolver.cp
Event: 2.121 Thread 0x000001cae6a94800 Exception <a 'java/lang/NoSuchMethodError'{0x0000000089f6c420}: java.lang.invoke.DirectMethodHandle$Holder.invokeStaticInit(Ljava/lang/Object;Ljava/lang/Object;)I> (0x0000000089f6c420) thrown at [t:/workspace/open/src/hotspot/share/interpreter/linkResolve
Event: 2.140 Thread 0x000001cae6a94800 Exception <a 'java/lang/NoSuchMethodError'{0x0000000089fb0710}: java.lang.invoke.DirectMethodHandle$Holder.invokeSpecial(Ljava/lang/Object;Ljava/lang/Object;Ljava/lang/Object;Ljava/lang/Object;)V> (0x0000000089fb0710) thrown at [t:/workspace/open/src/hots
Event: 2.166 Thread 0x000001cae6a94800 Exception <a 'java/lang/NoSuchMethodError'{0x0000000089fee778}: method resolution failed> (0x0000000089fee778) thrown at [t:/workspace/open/src/hotspot/share/prims/methodHandles.cpp, line 1226]
Event: 2.206 Thread 0x000001cae6a94800 Exception <a 'java/lang/NoSuchMethodError'{0x0000000089e62f50}: java.lang.invoke.DirectMethodHandle$Holder.invokeSpecial(Ljava/lang/Object;Ljava/lang/Object;Ljava/lang/Object;Ljava/lang/Object;Ljava/lang/Object;Ljava/lang/Object;)V> (0x0000000089e62f50) t
Event: 2.253 Thread 0x000001cae6a94800 Exception <a 'java/lang/NoSuchMethodError'{0x0000000089ebb518}: java.lang.invoke.DirectMethodHandle$Holder.invokeInterface(Ljava/lang/Object;Ljava/lang/Object;Ljava/lang/Object;)Ljava/lang/Object;> (0x0000000089ebb518) thrown at [t:/workspace/open/src/hot
Event: 2.254 Thread 0x000001cae6a94800 Exception <a 'java/lang/IncompatibleClassChangeError'{0x0000000089ebec88}: Found class java.lang.Object, but interface was expected> (0x0000000089ebec88) thrown at [t:/workspace/open/src/hotspot/share/interpreter/linkResolver.cpp, line 807]
Event: 2.286 Thread 0x000001cae6a94800 Exception <a 'java/lang/NoSuchMethodError'{0x0000000089d29ae8}: java.lang.invoke.DirectMethodHandle$Holder.invokeInterface(Ljava/lang/Object;Ljava/lang/Object;Ljava/lang/Object;)I> (0x0000000089d29ae8) thrown at [t:/workspace/open/src/hotspot/share/interp

Events (10 events):
Event: 2.325 Thread 0x000001cae6a94800 DEOPT UNPACKING pc=0x000001cacfe089af sp=0x0000008891bfaba0 mode 2
Event: 2.325 Thread 0x000001cae6a94800 Uncommon trap: trap_request=0xffffff55 fr.pc=0x000001cad78a3c78 relative=0x0000000000000058
Event: 2.325 Thread 0x000001cae6a94800 DEOPT PACKING pc=0x000001cad78a3c78 sp=0x0000008891bfaba0
Event: 2.325 Thread 0x000001cae6a94800 DEOPT UNPACKING pc=0x000001cacfe089af sp=0x0000008891bfab30 mode 2
Event: 2.333 Thread 0x000001cae6a94800 Uncommon trap: trap_request=0xffffff55 fr.pc=0x000001cad791494c relative=0x000000000000036c
Event: 2.333 Thread 0x000001cae6a94800 DEOPT PACKING pc=0x000001cad791494c sp=0x0000008891bf9ef0
Event: 2.333 Thread 0x000001cae6a94800 DEOPT UNPACKING pc=0x000001cacfe089af sp=0x0000008891bf9da0 mode 2
Event: 2.333 Thread 0x000001cae6a94800 Uncommon trap: trap_request=0xffffff55 fr.pc=0x000001cad790e32c relative=0x000000000000018c
Event: 2.333 Thread 0x000001cae6a94800 DEOPT PACKING pc=0x000001cad790e32c sp=0x0000008891bf9e50
Event: 2.333 Thread 0x000001cae6a94800 DEOPT UNPACKING pc=0x000001cacfe089af sp=0x0000008891bf9d98 mode 2


Dynamic libraries:
0x00007ff6eda30000 - 0x00007ff6eda6e000 	C:\App\Java\jdk-10.0.1\bin\javaw.exe
0x00007ffbf7360000 - 0x00007ffbf7541000 	C:\WINDOWS\SYSTEM32\ntdll.dll
0x00007ffbf6760000 - 0x00007ffbf6812000 	C:\WINDOWS\System32\KERNEL32.DLL
0x00007ffbf3960000 - 0x00007ffbf3bd3000 	C:\WINDOWS\System32\KERNELBASE.dll
0x00007ffbf6100000 - 0x00007ffbf61a1000 	C:\WINDOWS\System32\ADVAPI32.dll
0x00007ffbf6210000 - 0x00007ffbf62ae000 	C:\WINDOWS\System32\msvcrt.dll
0x00007ffbf61b0000 - 0x00007ffbf620b000 	C:\WINDOWS\System32\sechost.dll
0x00007ffbf4b30000 - 0x00007ffbf4c54000 	C:\WINDOWS\System32\RPCRT4.dll
0x00007ffbf6450000 - 0x00007ffbf65e0000 	C:\WINDOWS\System32\USER32.dll
0x00007ffbf4440000 - 0x00007ffbf4460000 	C:\WINDOWS\System32\win32u.dll
0x00007ffbf6410000 - 0x00007ffbf6438000 	C:\WINDOWS\System32\GDI32.dll
0x00007ffbf4650000 - 0x00007ffbf47e2000 	C:\WINDOWS\System32\gdi32full.dll
0x00007ffbf37b0000 - 0x00007ffbf384f000 	C:\WINDOWS\System32\msvcp_win.dll
0x00007ffbf4340000 - 0x00007ffbf443a000 	C:\WINDOWS\System32\ucrtbase.dll
0x00007ffbe4120000 - 0x00007ffbe4389000 	C:\WINDOWS\WinSxS\amd64_microsoft.windows.common-controls_6595b64144ccf1df_6.0.17134.48_none_b4b2216a3cb4dd3e\COMCTL32.dll
0x00007ffbf69e0000 - 0x00007ffbf6d03000 	C:\WINDOWS\System32\combase.dll
0x00007ffbf3730000 - 0x00007ffbf37aa000 	C:\WINDOWS\System32\bcryptPrimitives.dll
0x00007ffbe4f20000 - 0x00007ffbe4f2a000 	C:\WINDOWS\SYSTEM32\VERSION.dll
0x00007ffbf6d70000 - 0x00007ffbf6d9d000 	C:\WINDOWS\System32\IMM32.DLL
0x00007ffbe4930000 - 0x00007ffbe4a1f000 	C:\App\Java\jdk-10.0.1\bin\msvcr120.dll
0x00007ffbe1250000 - 0x00007ffbe12f6000 	C:\App\Java\jdk-10.0.1\bin\msvcp120.dll
0x0000000070700000 - 0x0000000071170000 	C:\App\Java\jdk-10.0.1\bin\server\jvm.dll
0x00007ffbf49c0000 - 0x00007ffbf49c8000 	C:\WINDOWS\System32\PSAPI.DLL
0x00007ffbef380000 - 0x00007ffbef389000 	C:\WINDOWS\SYSTEM32\WSOCK32.dll
0x00007ffbf62b0000 - 0x00007ffbf631c000 	C:\WINDOWS\System32\WS2_32.dll
0x00007ffbef120000 - 0x00007ffbef143000 	C:\WINDOWS\SYSTEM32\WINMM.dll
0x00007ffbef070000 - 0x00007ffbef09a000 	C:\WINDOWS\SYSTEM32\WINMMBASE.dll
0x00007ffbf42f0000 - 0x00007ffbf4339000 	C:\WINDOWS\System32\cfgmgr32.dll
0x00007ffbf0480000 - 0x00007ffbf048f000 	C:\App\Java\jdk-10.0.1\bin\verify.dll
0x00007ffbe3780000 - 0x00007ffbe3949000 	C:\WINDOWS\SYSTEM32\DBGHELP.DLL
0x00007ffbe0ca0000 - 0x00007ffbe0cc9000 	C:\WINDOWS\SYSTEM32\dbgcore.DLL
0x00007ffbef3a0000 - 0x00007ffbef3c7000 	C:\App\Java\jdk-10.0.1\bin\java.dll
0x00007ffbee4f0000 - 0x00007ffbee506000 	C:\App\Java\jdk-10.0.1\bin\zip.dll
0x00007ffbef390000 - 0x00007ffbef39a000 	C:\App\Java\jdk-10.0.1\bin\jimage.dll
0x00007ffbf4c60000 - 0x00007ffbf60a0000 	C:\WINDOWS\System32\SHELL32.dll
0x00007ffbf4890000 - 0x00007ffbf4939000 	C:\WINDOWS\System32\shcore.dll
0x00007ffbf3be0000 - 0x00007ffbf42ed000 	C:\WINDOWS\System32\windows.storage.dll
0x00007ffbf72d0000 - 0x00007ffbf7321000 	C:\WINDOWS\System32\shlwapi.dll
0x00007ffbf3710000 - 0x00007ffbf3721000 	C:\WINDOWS\System32\kernel.appcore.dll
0x00007ffbf36d0000 - 0x00007ffbf36ef000 	C:\WINDOWS\System32\profapi.dll
0x00007ffbf3680000 - 0x00007ffbf36cc000 	C:\WINDOWS\System32\powrprof.dll
0x00007ffbf3670000 - 0x00007ffbf367a000 	C:\WINDOWS\System32\FLTLIB.DLL
0x000001cac4a10000 - 0x000001cac4a13000 	C:\App\Java\jdk-10.0.1\bin\api-ms-win-core-console-l1-1-0.dll
0x000001cac4a20000 - 0x000001cac4a23000 	C:\App\Java\jdk-10.0.1\bin\api-ms-win-core-datetime-l1-1-0.dll
0x000001cae7160000 - 0x000001cae7163000 	C:\App\Java\jdk-10.0.1\bin\api-ms-win-core-debug-l1-1-0.dll
0x000001cae7170000 - 0x000001cae7173000 	C:\App\Java\jdk-10.0.1\bin\api-ms-win-core-errorhandling-l1-1-0.dll
0x000001cae7180000 - 0x000001cae7184000 	C:\App\Java\jdk-10.0.1\bin\api-ms-win-core-file-l1-1-0.dll
0x000001cae7190000 - 0x000001cae7193000 	C:\App\Java\jdk-10.0.1\bin\api-ms-win-core-file-l1-2-0.dll
0x000001cae71a0000 - 0x000001cae71a3000 	C:\App\Java\jdk-10.0.1\bin\api-ms-win-core-file-l2-1-0.dll
0x000001cae71b0000 - 0x000001cae71b3000 	C:\App\Java\jdk-10.0.1\bin\api-ms-win-core-handle-l1-1-0.dll
0x000001cae71c0000 - 0x000001cae71c3000 	C:\App\Java\jdk-10.0.1\bin\api-ms-win-core-heap-l1-1-0.dll
0x000001cae71d0000 - 0x000001cae71d3000 	C:\App\Java\jdk-10.0.1\bin\api-ms-win-core-interlocked-l1-1-0.dll
0x000001cae71e0000 - 0x000001cae71e3000 	C:\App\Java\jdk-10.0.1\bin\api-ms-win-core-libraryloader-l1-1-0.dll
0x000001cae71f0000 - 0x000001cae71f3000 	C:\App\Java\jdk-10.0.1\bin\api-ms-win-core-localization-l1-2-0.dll
0x000001cae7200000 - 0x000001cae7203000 	C:\App\Java\jdk-10.0.1\bin\api-ms-win-core-memory-l1-1-0.dll
0x000001cae7210000 - 0x000001cae7213000 	C:\App\Java\jdk-10.0.1\bin\api-ms-win-core-namedpipe-l1-1-0.dll
0x000001cae7220000 - 0x000001cae7223000 	C:\App\Java\jdk-10.0.1\bin\api-ms-win-core-processenvironment-l1-1-0.dll
0x000001cae7230000 - 0x000001cae7233000 	C:\App\Java\jdk-10.0.1\bin\api-ms-win-core-processthreads-l1-1-0.dll
0x000001cae7240000 - 0x000001cae7243000 	C:\App\Java\jdk-10.0.1\bin\api-ms-win-core-processthreads-l1-1-1.dll
0x000001cae7250000 - 0x000001cae7253000 	C:\App\Java\jdk-10.0.1\bin\api-ms-win-core-profile-l1-1-0.dll
0x000001cae7260000 - 0x000001cae7263000 	C:\App\Java\jdk-10.0.1\bin\api-ms-win-core-rtlsupport-l1-1-0.dll
0x000001cae7270000 - 0x000001cae7273000 	C:\App\Java\jdk-10.0.1\bin\api-ms-win-core-string-l1-1-0.dll
0x000001cae7280000 - 0x000001cae7283000 	C:\App\Java\jdk-10.0.1\bin\api-ms-win-core-synch-l1-1-0.dll
0x000001cae7290000 - 0x000001cae7293000 	C:\App\Java\jdk-10.0.1\bin\api-ms-win-core-synch-l1-2-0.dll
0x000001cae72a0000 - 0x000001cae72a3000 	C:\App\Java\jdk-10.0.1\bin\api-ms-win-core-sysinfo-l1-1-0.dll
0x000001cae72b0000 - 0x000001cae72b3000 	C:\App\Java\jdk-10.0.1\bin\api-ms-win-core-timezone-l1-1-0.dll
0x000001cae72c0000 - 0x000001cae72c3000 	C:\App\Java\jdk-10.0.1\bin\api-ms-win-core-util-l1-1-0.dll
0x000001cae72d0000 - 0x000001cae72d3000 	C:\App\Java\jdk-10.0.1\bin\api-ms-win-crt-conio-l1-1-0.dll
0x000001cae72e0000 - 0x000001cae72e4000 	C:\App\Java\jdk-10.0.1\bin\api-ms-win-crt-convert-l1-1-0.dll
0x000001cae72f0000 - 0x000001cae72f3000 	C:\App\Java\jdk-10.0.1\bin\api-ms-win-crt-environment-l1-1-0.dll
0x000001cae7300000 - 0x000001cae7303000 	C:\App\Java\jdk-10.0.1\bin\api-ms-win-crt-filesystem-l1-1-0.dll
0x000001cae7310000 - 0x000001cae7313000 	C:\App\Java\jdk-10.0.1\bin\api-ms-win-crt-heap-l1-1-0.dll
0x000001cae7320000 - 0x000001cae7323000 	C:\App\Java\jdk-10.0.1\bin\api-ms-win-crt-locale-l1-1-0.dll
0x000001cae7330000 - 0x000001cae7335000 	C:\App\Java\jdk-10.0.1\bin\api-ms-win-crt-math-l1-1-0.dll
0x000001cae7340000 - 0x000001cae7345000 	C:\App\Java\jdk-10.0.1\bin\api-ms-win-crt-multibyte-l1-1-0.dll
0x000001cae7350000 - 0x000001cae7360000 	C:\App\Java\jdk-10.0.1\bin\api-ms-win-crt-private-l1-1-0.dll
0x000001cae7360000 - 0x000001cae7363000 	C:\App\Java\jdk-10.0.1\bin\api-ms-win-crt-process-l1-1-0.dll
0x000001cae7370000 - 0x000001cae7374000 	C:\App\Java\jdk-10.0.1\bin\api-ms-win-crt-runtime-l1-1-0.dll
0x000001cae7380000 - 0x000001cae7384000 	C:\App\Java\jdk-10.0.1\bin\api-ms-win-crt-stdio-l1-1-0.dll
0x000001cae7390000 - 0x000001cae7394000 	C:\App\Java\jdk-10.0.1\bin\api-ms-win-crt-string-l1-1-0.dll
0x000001cae73a0000 - 0x000001cae73a3000 	C:\App\Java\jdk-10.0.1\bin\api-ms-win-crt-time-l1-1-0.dll
0x000001cae73b0000 - 0x000001cae73b3000 	C:\App\Java\jdk-10.0.1\bin\api-ms-win-crt-utility-l1-1-0.dll
0x00007ffbe0710000 - 0x00007ffbe0806000 	C:\App\Java\jdk-10.0.1\bin\ucrtbase.dll
0x00007ffbeb5e0000 - 0x00007ffbeb5f6000 	C:\App\Java\jdk-10.0.1\bin\vcruntime140.dll
0x00007ffbe03d0000 - 0x00007ffbe046c000 	C:\App\Java\jdk-10.0.1\bin\msvcp140.dll
0x00007ffbe6180000 - 0x00007ffbe61d1000 	C:\App\Java\jdk-10.0.1\bin\concrt140.dll
0x00007ffbe75c0000 - 0x00007ffbe75e3000 	C:\App\Java\jdk-10.0.1\bin\prism_d3d.dll
0x00007ffbb6000000 - 0x00007ffbb6197000 	C:\WINDOWS\system32\d3d9.dll
0x00007ffbf1e00000 - 0x00007ffbf1e29000 	C:\WINDOWS\SYSTEM32\dwmapi.dll
0x00007ffbf1b20000 - 0x00007ffbf1bb8000 	C:\WINDOWS\system32\uxtheme.dll
0x00007ffbdac80000 - 0x00007ffbdb6ee000 	C:\WINDOWS\SYSTEM32\igdumdim64.dll
0x00007ffbe8d50000 - 0x00007ffbe91b4000 	C:\WINDOWS\SYSTEM32\igdusc64.dll
0x00007ffbe5ab0000 - 0x00007ffbe5afa000 	C:\App\Java\jdk-10.0.1\bin\glass.dll
0x00007ffbf6320000 - 0x00007ffbf640d000 	C:\WINDOWS\System32\COMDLG32.dll
0x00007ffbf49d0000 - 0x00007ffbf4b21000 	C:\WINDOWS\System32\ole32.dll
0x00007ffbf7200000 - 0x00007ffbf72c2000 	C:\WINDOWS\System32\OLEAUT32.dll
0x00007ffbf65e0000 - 0x00007ffbf6755000 	C:\WINDOWS\System32\MSCTF.dll
0x00007ffbe45f0000 - 0x00007ffbe4628000 	C:\WINDOWS\system32\IMGSF50Filter_x64.dll
0x0000000072dc0000 - 0x0000000072e63000 	C:\WINDOWS\WinSxS\amd64_microsoft.vc90.crt_1fc8b3b9a1e18e3b_9.0.30729.9415_none_08e0c10ba840a28a\MSVCR90.dll
0x0000000072e70000 - 0x0000000072f43000 	C:\WINDOWS\WinSxS\amd64_microsoft.vc90.crt_1fc8b3b9a1e18e3b_9.0.30729.9415_none_08e0c10ba840a28a\MSVCP90.dll
0x00007ffbd5340000 - 0x00007ffbd5460000 	C:\WINDOWS\SYSTEM32\Opengl32.dll
0x00007ffbe52a0000 - 0x00007ffbe52cc000 	C:\WINDOWS\SYSTEM32\GLU32.dll
0x00007ffbeb4a0000 - 0x00007ffbeb4ba000 	C:\App\Java\jdk-10.0.1\bin\net.dll
0x00007ffbec270000 - 0x00007ffbec34d000 	C:\WINDOWS\SYSTEM32\WINHTTP.dll
0x00007ffbf2ef0000 - 0x00007ffbf2f56000 	C:\WINDOWS\system32\mswsock.dll
0x00007ffbe7b20000 - 0x00007ffbe7b31000 	C:\App\Java\jdk-10.0.1\bin\nio.dll
0x00007ffbe67b0000 - 0x00007ffbe67c4000 	C:\App\Java\jdk-10.0.1\bin\javafx_font.dll
0x00007ffbdc530000 - 0x00007ffbdc6cb000 	C:\App\Java\jdk-10.0.1\bin\awt.dll
0x00007ffbf0d40000 - 0x00007ffbf1307000 	C:\WINDOWS\SYSTEM32\d2d1.dll
0x00007ffbf19f0000 - 0x00007ffbf1a7b000 	C:\WINDOWS\SYSTEM32\apphelp.dll
0x00007ffbe3510000 - 0x00007ffbe3575000 	C:\App\Java\jdk-10.0.1\bin\fontmanager.dll
0x00007ffbe6a10000 - 0x00007ffbe6d2c000 	C:\WINDOWS\SYSTEM32\dwrite.dll
0x00007ffbf47f0000 - 0x00007ffbf4890000 	C:\WINDOWS\System32\clbcatq.dll
0x00007ffbeaae0000 - 0x00007ffbeac8e000 	C:\WINDOWS\SYSTEM32\WindowsCodecs.dll
0x00007ffbd7850000 - 0x00007ffbd78a8000 	C:\WINDOWS\system32\dataexchange.dll
0x00007ffbf0a30000 - 0x00007ffbf0d3b000 	C:\WINDOWS\system32\d3d11.dll
0x00007ffbf1310000 - 0x00007ffbf14ac000 	C:\WINDOWS\system32\dcomp.dll
0x00007ffbf2430000 - 0x00007ffbf24eb000 	C:\WINDOWS\system32\dxgi.dll
0x00007ffbf1ee0000 - 0x00007ffbf2098000 	C:\WINDOWS\system32\twinapi.appcore.dll
0x00007ffbf20d0000 - 0x00007ffbf20f1000 	C:\WINDOWS\system32\RMCLIENT.dll
0x00007ffbe6660000 - 0x00007ffbe6694000 	C:\Program Files\Common Files\Microsoft Shared\Ink\rtscom.dll
0x00007ffbe7300000 - 0x00007ffbe7398000 	C:\WINDOWS\System32\TextInputFramework.dll
0x00007ffbea600000 - 0x00007ffbea91e000 	C:\WINDOWS\System32\CoreUIComponents.dll
0x00007ffbf17f0000 - 0x00007ffbf18ca000 	C:\WINDOWS\System32\CoreMessaging.dll
0x00007ffbef9e0000 - 0x00007ffbefb2d000 	C:\WINDOWS\SYSTEM32\wintypes.dll
0x00007ffbf2760000 - 0x00007ffbf2791000 	C:\WINDOWS\SYSTEM32\ntmarta.dll

dbghelp: loaded successfully - version: 4.0.5 - missing functions: none
symbol engine: initialized successfully - sym options: 0x614 - pdb path: .;C:\App\Java\jdk-10.0.1\bin;C:\WINDOWS\SYSTEM32;C:\WINDOWS\WinSxS\amd64_microsoft.windows.common-controls_6595b64144ccf1df_6.0.17134.48_none_b4b2216a3cb4dd3e;C:\App\Java\jdk-10.0.1\bin\server;C:\WINDOWS\WinSxS\amd64_microsoft.vc90.crt_1fc8b3b9a1e18e3b_9.0.30729.9415_none_08e0c10ba840a28a;C:\Program Files\Common Files\Microsoft Shared\Ink

VM Arguments:
jvm_args: -Dfile.encoding=MS949 
java_command: bts.app.MainApp
java_class_path (initial): C:\2.MyDev\workspace\DBMng\bin;C:\2.MyDev\workspace\libs\jdbc\oracle\ojdbc6.jar;C:\2.MyDev\workspace\libs\jdbc\mssql\mssql-jdbc-6.4.0.jre9.jar;C:\2.MyDev\workspace\libs\excel-poi\poi-3.17\lib\commons-collections4-4.1.jar;C:\2.MyDev\workspace\libs\excel-poi\poi-3.17\poi-3.17.jar;C:\2.MyDev\workspace\libs\excel-poi\poi-3.17\poi-ooxml-3.17.jar;C:\2.MyDev\workspace\libs\excel-poi\poi-3.17\poi-ooxml-schemas-3.17.jar;C:\2.MyDev\workspace\libs\javafx\richtextfx-fat-0.9.0.jar;C:\2.MyDev\workspace\libs\excel-poi\poi-3.17\ooxml-lib\xmlbeans-2.6.0.jar
Launcher Type: SUN_STANDARD

Logging:
Log output configuration:
#0: stdout all=warning uptime,level,tags
#1: stderr all=off uptime,level,tags

Environment Variables:
JAVA_HOME=C:\App\Java\jdk-10.0.1
PATH=C:\Program Files (x86)\Common Files\Oracle\Java\javapath;C:\App\gradle\gradle-4.7\bin;C:\App\Java\jdk-10.0.1\bin;C:\App\Oracle\product\11.2.0\dbhome_1\bin;C:\App\Python36\Scripts\;C:\App\Python36\;C:\WINDOWS\system32;C:\WINDOWS;C:\WINDOWS\System32\Wbem;C:\WINDOWS\System32\WindowsPowerShell\v1.0\;C:\Program Files\Microsoft SQL Server\Client SDK\ODBC\110\Tools\Binn\;C:\Program Files (x86)\Microsoft SQL Server\120\Tools\Binn\;C:\Program Files\Microsoft SQL Server\120\Tools\Binn\;C:\Program Files\Microsoft SQL Server\120\DTS\Binn\;C:\Program Files (x86)\Microsoft SQL Server\120\Tools\Binn\ManagementStudio\;C:\Program Files (x86)\Microsoft SQL Server\120\DTS\Binn\;C:\Program Files\dotnet\;C:\Program Files\Microsoft SQL Server\130\Tools\Binn\;C:\Program Files\PuTTY\;C:\Program Files (x86)\Microsoft SQL Server\110\DTS\Binn\;C:\Program Files (x86)\Microsoft SQL Server\130\DTS\Binn\;C:\Program Files (x86)\Microsoft SQL Server\140\DTS\Binn\;C:\Program Files (x86)\Inno Setup 5;C:\App\maven\bin;C:\Program Files\Git\cmd;%ANT_HOME%\bin;C:\Users\sonan\AppData\Local\Microsoft\WindowsApps;C:\Program Files\Bandizip\
USERNAME=sonan
OS=Windows_NT
PROCESSOR_IDENTIFIER=Intel64 Family 6 Model 58 Stepping 9, GenuineIntel



---------------  S Y S T E M  ---------------

OS: Windows 10 , 64 bit Build 17134 (10.0.17134.1)

CPU:total 4 (initial active 4) (2 cores per cpu, 2 threads per core) family 6 model 58 stepping 9, cmov, cx8, fxsr, mmx, sse, sse2, sse3, ssse3, sse4.1, sse4.2, popcnt, avx, clmul, erms, ht, tsc, tscinvbit, tscinv

Memory: 4k page, physical 8244524k(1886628k free), swap 33410348k(7124k free)

vm_info: Java HotSpot(TM) 64-Bit Server VM (10.0.1+10) for windows-amd64 JRE (10.0.1+10), built on Mar 27 2018 02:27:48 by "mach5one" with MS VC++ 12.0 (VS2013)

END.
