#
# There is insufficient memory for the Java Runtime Environment to continue.
# Native memory allocation (malloc) failed to allocate 32744 bytes for ChunkPool::allocate
# Possible reasons:
#   The system is out of physical RAM or swap space
#   The process is running with CompressedOops enabled, and the Java Heap may be blocking the growth of the native heap
# Possible solutions:
#   Reduce memory load on the system
#   Increase physical memory or swap space
#   Check if swap backing store is full
#   Decrease Java heap size (-Xmx/-Xms)
#   Decrease number of Java threads
#   Decrease Java thread stack sizes (-Xss)
#   Set larger code cache with -XX:ReservedCodeCacheSize=
#   JVM is running with Unscaled Compressed Oops mode in which the Java heap is
#     placed in the first 4GB address space. The Java Heap base address is the
#     maximum limit for the native heap growth. Please use -XX:HeapBaseMinAddress
#     to set the Java Heap base and to place the Java Heap above 4GB virtual address.
# This output file may be truncated or incomplete.
#
#  Out of Memory Error (t:/workspace/open/src/hotspot/share/memory/arena.cpp:82), pid=48336, tid=46888
#
# JRE version: Java(TM) SE Runtime Environment (10.0.1+10) (build 10.0.1+10)
# Java VM: Java HotSpot(TM) 64-Bit Server VM (10.0.1+10, mixed mode, tiered, compressed oops, g1 gc, windows-amd64)
# No core dump will be written. Minidumps are not enabled by default on client versions of Windows
#

---------------  S U M M A R Y ------------

Command Line: -Dfile.encoding=MS949 bts.app.MainApp

Host: Intel(R) Core(TM) i5-3337U CPU @ 1.80GHz, 4 cores, 7G,  Windows 10 , 64 bit Build 17134 (10.0.17134.1)
Time: Mon Jun 04 19:51:22 2018 ¢¥eCN©öI¡¾©ö C¡ÍA¨ª¨öA elapsed time: 22 seconds (0d 0h 0m 22s)

---------------  T H R E A D  ---------------

Current thread (0x0000018cede9a800):  JavaThread "C2 CompilerThread0" daemon [_thread_in_native, id=46888, stack(0x00000034cd700000,0x00000034cd800000)]


Current CompileTask:
C2:  22045 4840   !   4       javafx.scene.CssStyleHelper::transitionToState (1019 bytes)

Stack: [0x00000034cd700000,0x00000034cd800000]
Native frames: (J=compiled Java code, j=interpreted, Vv=VM code, C=native code)
V  [jvm.dll+0x5a0369]
V  [jvm.dll+0x6bcf81]
V  [jvm.dll+0x6be176]
V  [jvm.dll+0x6be803]
V  [jvm.dll+0x234998]
V  [jvm.dll+0xbbb7b]
V  [jvm.dll+0xbb97a]
V  [jvm.dll+0xbbe2c]
V  [jvm.dll+0x3516e6]
V  [jvm.dll+0x350f61]
V  [jvm.dll+0x350fa4]
V  [jvm.dll+0x34bf98]
V  [jvm.dll+0x34aa60]
V  [jvm.dll+0x18f0d0]
V  [jvm.dll+0x1ffeed]
V  [jvm.dll+0x1ff066]
V  [jvm.dll+0x17ca6b]
V  [jvm.dll+0x20c81d]
V  [jvm.dll+0x20b5e6]
V  [jvm.dll+0x68bb6f]
V  [jvm.dll+0x59f680]
C  [msvcr120.dll+0x24f7f]
C  [msvcr120.dll+0x25126]
C  [KERNEL32.DLL+0x13034]
C  [ntdll.dll+0x71551]


---------------  P R O C E S S  ---------------

Threads class SMR info:
_java_thread_list=0x0000018cf1a445c0, length=19, elements={
0x0000018cccb25800, 0x0000018cede66800, 0x0000018cede79800, 0x0000018cee782800,
0x0000018cee783800, 0x0000018cede9a800, 0x0000018cee78c000, 0x0000018cedea6800,
0x0000018cee7a5000, 0x0000018cee95f800, 0x0000018cee968000, 0x0000018ceec3f000,
0x0000018ceed26000, 0x0000018ceed28000, 0x0000018ceec92800, 0x0000018cee967000,
0x0000018cf182a000, 0x0000018cf2457800, 0x0000018cf308e800
}

Java Threads: ( => current thread )
  0x0000018cccb25800 JavaThread "main" [_thread_blocked, id=48576, stack(0x00000034cc600000,0x00000034cc700000)]
  0x0000018cede66800 JavaThread "Reference Handler" daemon [_thread_blocked, id=53032, stack(0x00000034cd300000,0x00000034cd400000)]
  0x0000018cede79800 JavaThread "Finalizer" daemon [_thread_blocked, id=50228, stack(0x00000034cd400000,0x00000034cd500000)]
  0x0000018cee782800 JavaThread "Signal Dispatcher" daemon [_thread_blocked, id=6356, stack(0x00000034cd500000,0x00000034cd600000)]
  0x0000018cee783800 JavaThread "Attach Listener" daemon [_thread_blocked, id=49844, stack(0x00000034cd600000,0x00000034cd700000)]
=>0x0000018cede9a800 JavaThread "C2 CompilerThread0" daemon [_thread_in_native, id=46888, stack(0x00000034cd700000,0x00000034cd800000)]
  0x0000018cee78c000 JavaThread "C2 CompilerThread1" daemon [_thread_in_native, id=24756, stack(0x00000034cd800000,0x00000034cd900000)]
  0x0000018cedea6800 JavaThread "C1 CompilerThread2" daemon [_thread_blocked, id=39612, stack(0x00000034cd900000,0x00000034cda00000)]
  0x0000018cee7a5000 JavaThread "Sweeper thread" daemon [_thread_blocked, id=9960, stack(0x00000034cda00000,0x00000034cdb00000)]
  0x0000018cee95f800 JavaThread "Service Thread" daemon [_thread_blocked, id=51120, stack(0x00000034cdb00000,0x00000034cdc00000)]
  0x0000018cee968000 JavaThread "Common-Cleaner" daemon [_thread_blocked, id=21824, stack(0x00000034cdc00000,0x00000034cdd00000)]
  0x0000018ceec3f000 JavaThread "QuantumRenderer-0" daemon [_thread_blocked, id=32292, stack(0x00000034cde00000,0x00000034cdf00000)]
  0x0000018ceed26000 JavaThread "InvokeLaterDispatcher" daemon [_thread_blocked, id=51728, stack(0x00000034cdf00000,0x00000034ce000000)]
  0x0000018ceed28000 JavaThread "JavaFX Application Thread" [_thread_in_native, id=29472, stack(0x00000034ce000000,0x00000034ce100000)]
  0x0000018ceec92800 JavaThread "JavaFX-Launcher" [_thread_blocked, id=40092, stack(0x00000034ce500000,0x00000034ce600000)]
  0x0000018cee967000 JavaThread "Thread-2" daemon [_thread_in_native, id=24440, stack(0x00000034ce400000,0x00000034ce500000)]
  0x0000018cf182a000 JavaThread "Java2D Disposer" daemon [_thread_blocked, id=50344, stack(0x00000034ce600000,0x00000034ce700000)]
  0x0000018cf2457800 JavaThread "Prism Font Disposer" daemon [_thread_blocked, id=51092, stack(0x00000034ce900000,0x00000034cea00000)]
  0x0000018cf308e800 JavaThread "Cleaner-0" daemon [_thread_blocked, id=44896, stack(0x00000034cea00000,0x00000034ceb00000)]

Other Threads:
  0x0000018cede62800 VMThread "VM Thread" [stack: 0x00000034cd200000,0x00000034cd300000] [id=48044]
  0x0000018cee8ae000 WatcherThread [stack: 0x00000034cdd00000,0x00000034cde00000] [id=38108]
  0x0000018cccb3b800 GCTaskThread "GC Thread#0" [stack: 0x00000034cc700000,0x00000034cc800000] [id=42220]
  0x0000018cca6ce000 GCTaskThread "GC Thread#1" [stack: 0x00000034cc800000,0x00000034cc900000] [id=49276]
  0x0000018cccb42800 GCTaskThread "GC Thread#2" [stack: 0x00000034cc900000,0x00000034cca00000] [id=44384]
  0x0000018cccb48000 GCTaskThread "GC Thread#3" [stack: 0x00000034cca00000,0x00000034ccb00000] [id=20440]
  0x0000018cccbb9000 ConcurrentGCThread "G1 Main Marker" [stack: 0x00000034ccb00000,0x00000034ccc00000] [id=42772]
  0x0000018cccb4c000 ConcurrentGCThread "G1 Conc#0" [stack: 0x00000034ccc00000,0x00000034ccd00000] [id=40360]
  0x0000018cedcee800 ConcurrentGCThread "G1 Refine#0" [stack: 0x00000034ccd00000,0x00000034cce00000] [id=34436]
  0x0000018cedcef000 ConcurrentGCThread "G1 Refine#1" [stack: 0x00000034cce00000,0x00000034ccf00000] [id=33456]
  0x0000018cedcf0800 ConcurrentGCThread "G1 Refine#2" [stack: 0x00000034ccf00000,0x00000034cd000000] [id=10792]
  0x0000018cedcf2000 ConcurrentGCThread "G1 Refine#3" [stack: 0x00000034cd000000,0x00000034cd100000] [id=53044]
  0x0000018cedcfc000 ConcurrentGCThread "G1 Young RemSet Sampling" [stack: 0x00000034cd100000,0x00000034cd200000] [id=50596]

Threads with active compile tasks:
C2 CompilerThread04840   !   4       javafx.scene.CssStyleHelper::transitionToState (1019 bytes)
C2 CompilerThread14883   !   4       javafx.scene.Parent$3::onProposedChange (761 bytes)

VM state:not at safepoint (normal execution)

VM Mutex/Monitor currently owned by a thread: None

Heap address: 0x0000000082200000, size: 2014 MB, Compressed Oops mode: 32-bit
Narrow klass base: 0x0000000000000000, Narrow klass shift: 3
Compressed class space size: 1073741824 Address: 0x0000000100000000

Heap:
 garbage-first heap   total 129024K, used 49098K [0x0000000082200000, 0x0000000100000000)
  region size 1024K, 39 young (39936K), 4 survivors (4096K)
 Metaspace       used 29920K, capacity 30911K, committed 31484K, reserved 1077248K
  class space    used 3599K, capacity 4052K, committed 4096K, reserved 1048576K
Heap Regions: E=young(eden), S=young(survivor), O=old, HS=humongous(starts), HC=humongous(continues), CS=collection set, F=free, A=archive, TS=gc time stamp, AC=allocation context, TAMS=top-at-mark-start (previous, next)
|   0|0x0000000082200000, 0x0000000082300000, 0x0000000082300000|100%|HS|  |TS  0|AC  0|TAMS 0x0000000082300000, 0x0000000082300000|
|   1|0x0000000082300000, 0x0000000082400000, 0x0000000082400000|100%| O|  |TS  0|AC  0|TAMS 0x0000000082400000, 0x0000000082400000|
|   2|0x0000000082400000, 0x0000000082500000, 0x0000000082500000|100%| O|  |TS  0|AC  0|TAMS 0x0000000082500000, 0x0000000082500000|
|   3|0x0000000082500000, 0x0000000082600000, 0x0000000082600000|100%| O|  |TS  0|AC  0|TAMS 0x0000000082600000, 0x0000000082600000|
|   4|0x0000000082600000, 0x0000000082700000, 0x0000000082700000|100%| O|  |TS  0|AC  0|TAMS 0x0000000082700000, 0x0000000082700000|
|   5|0x0000000082700000, 0x0000000082800000, 0x0000000082800000|100%| O|  |TS  1|AC  0|TAMS 0x00000000827c4800, 0x00000000827c4800|
|   6|0x0000000082800000, 0x0000000082900000, 0x0000000082900000|100%|HS|  |TS  0|AC  0|TAMS 0x0000000082800000, 0x0000000082800000|
|   7|0x0000000082900000, 0x0000000082a00000, 0x0000000082a00000|100%|HC|  |TS  0|AC  0|TAMS 0x0000000082900000, 0x0000000082900000|
|   8|0x0000000082a00000, 0x0000000082b00000, 0x0000000082b00000|100%| O|  |TS  1|AC  0|TAMS 0x0000000082a00000, 0x0000000082a00000|
|   9|0x0000000082b00000, 0x0000000082bf2a00, 0x0000000082c00000| 94%| O|  |TS  1|AC  0|TAMS 0x0000000082b00000, 0x0000000082b00000|
|  10|0x0000000082c00000, 0x0000000082c00000, 0x0000000082d00000|  0%| F|  |TS  0|AC  0|TAMS 0x0000000082c00000, 0x0000000082c00000|
|  11|0x0000000082d00000, 0x0000000082d00000, 0x0000000082e00000|  0%| F|  |TS  0|AC  0|TAMS 0x0000000082d00000, 0x0000000082d00000|
|  12|0x0000000082e00000, 0x0000000082e00000, 0x0000000082f00000|  0%| F|  |TS  0|AC  0|TAMS 0x0000000082e00000, 0x0000000082e00000|
|  13|0x0000000082f00000, 0x0000000082f00000, 0x0000000083000000|  0%| F|  |TS  0|AC  0|TAMS 0x0000000082f00000, 0x0000000082f00000|
|  14|0x0000000083000000, 0x0000000083000000, 0x0000000083100000|  0%| F|  |TS  0|AC  0|TAMS 0x0000000083000000, 0x0000000083000000|
|  15|0x0000000083100000, 0x0000000083100000, 0x0000000083200000|  0%| F|  |TS  0|AC  0|TAMS 0x0000000083100000, 0x0000000083100000|
|  16|0x0000000083200000, 0x0000000083200000, 0x0000000083300000|  0%| F|  |TS  0|AC  0|TAMS 0x0000000083200000, 0x0000000083200000|
|  17|0x0000000083300000, 0x0000000083300000, 0x0000000083400000|  0%| F|  |TS  0|AC  0|TAMS 0x0000000083300000, 0x0000000083300000|
|  18|0x0000000083400000, 0x0000000083400000, 0x0000000083500000|  0%| F|  |TS  0|AC  0|TAMS 0x0000000083400000, 0x0000000083400000|
|  19|0x0000000083500000, 0x0000000083500000, 0x0000000083600000|  0%| F|  |TS  0|AC  0|TAMS 0x0000000083500000, 0x0000000083500000|
|  20|0x0000000083600000, 0x0000000083600000, 0x0000000083700000|  0%| F|  |TS  0|AC  0|TAMS 0x0000000083600000, 0x0000000083600000|
|  21|0x0000000083700000, 0x0000000083700000, 0x0000000083800000|  0%| F|  |TS  0|AC  0|TAMS 0x0000000083700000, 0x0000000083700000|
|  22|0x0000000083800000, 0x0000000083800000, 0x0000000083900000|  0%| F|  |TS  0|AC  0|TAMS 0x0000000083800000, 0x0000000083800000|
|  23|0x0000000083900000, 0x0000000083900000, 0x0000000083a00000|  0%| F|  |TS  0|AC  0|TAMS 0x0000000083900000, 0x0000000083900000|
|  24|0x0000000083a00000, 0x0000000083a00000, 0x0000000083b00000|  0%| F|  |TS  0|AC  0|TAMS 0x0000000083a00000, 0x0000000083a00000|
|  25|0x0000000083b00000, 0x0000000083b00000, 0x0000000083c00000|  0%| F|  |TS  0|AC  0|TAMS 0x0000000083b00000, 0x0000000083b00000|
|  26|0x0000000083c00000, 0x0000000083c00000, 0x0000000083d00000|  0%| F|  |TS  0|AC  0|TAMS 0x0000000083c00000, 0x0000000083c00000|
|  27|0x0000000083d00000, 0x0000000083d00000, 0x0000000083e00000|  0%| F|  |TS  0|AC  0|TAMS 0x0000000083d00000, 0x0000000083d00000|
|  28|0x0000000083e00000, 0x0000000083e00000, 0x0000000083f00000|  0%| F|  |TS  0|AC  0|TAMS 0x0000000083e00000, 0x0000000083e00000|
|  29|0x0000000083f00000, 0x0000000083f00000, 0x0000000084000000|  0%| F|  |TS  0|AC  0|TAMS 0x0000000083f00000, 0x0000000083f00000|
|  30|0x0000000084000000, 0x0000000084000000, 0x0000000084100000|  0%| F|  |TS  0|AC  0|TAMS 0x0000000084000000, 0x0000000084000000|
|  31|0x0000000084100000, 0x0000000084100000, 0x0000000084200000|  0%| F|  |TS  0|AC  0|TAMS 0x0000000084100000, 0x0000000084100000|
|  32|0x0000000084200000, 0x0000000084200000, 0x0000000084300000|  0%| F|  |TS  0|AC  0|TAMS 0x0000000084200000, 0x0000000084200000|
|  33|0x0000000084300000, 0x0000000084300000, 0x0000000084400000|  0%| F|  |TS  0|AC  0|TAMS 0x0000000084300000, 0x0000000084300000|
|  34|0x0000000084400000, 0x0000000084400000, 0x0000000084500000|  0%| F|  |TS  0|AC  0|TAMS 0x0000000084400000, 0x0000000084400000|
|  35|0x0000000084500000, 0x0000000084500000, 0x0000000084600000|  0%| F|  |TS  0|AC  0|TAMS 0x0000000084500000, 0x0000000084500000|
|  36|0x0000000084600000, 0x0000000084600000, 0x0000000084700000|  0%| F|  |TS  0|AC  0|TAMS 0x0000000084600000, 0x0000000084600000|
|  37|0x0000000084700000, 0x0000000084700000, 0x0000000084800000|  0%| F|  |TS  0|AC  0|TAMS 0x0000000084700000, 0x0000000084700000|
|  38|0x0000000084800000, 0x0000000084800000, 0x0000000084900000|  0%| F|  |TS  0|AC  0|TAMS 0x0000000084800000, 0x0000000084800000|
|  39|0x0000000084900000, 0x0000000084900000, 0x0000000084a00000|  0%| F|  |TS  0|AC  0|TAMS 0x0000000084900000, 0x0000000084900000|
|  40|0x0000000084a00000, 0x0000000084a00000, 0x0000000084b00000|  0%| F|  |TS  0|AC  0|TAMS 0x0000000084a00000, 0x0000000084a00000|
|  41|0x0000000084b00000, 0x0000000084b00000, 0x0000000084c00000|  0%| F|  |TS  0|AC  0|TAMS 0x0000000084b00000, 0x0000000084b00000|
|  42|0x0000000084c00000, 0x0000000084c00000, 0x0000000084d00000|  0%| F|  |TS  0|AC  0|TAMS 0x0000000084c00000, 0x0000000084c00000|
|  43|0x0000000084d00000, 0x0000000084d00000, 0x0000000084e00000|  0%| F|  |TS  0|AC  0|TAMS 0x0000000084d00000, 0x0000000084d00000|
|  44|0x0000000084e00000, 0x0000000084e00000, 0x0000000084f00000|  0%| F|  |TS  0|AC  0|TAMS 0x0000000084e00000, 0x0000000084e00000|
|  45|0x0000000084f00000, 0x0000000084f00000, 0x0000000085000000|  0%| F|  |TS  0|AC  0|TAMS 0x0000000084f00000, 0x0000000084f00000|
|  46|0x0000000085000000, 0x0000000085000000, 0x0000000085100000|  0%| F|  |TS  0|AC  0|TAMS 0x0000000085000000, 0x0000000085000000|
|  47|0x0000000085100000, 0x0000000085100000, 0x0000000085200000|  0%| F|  |TS  0|AC  0|TAMS 0x0000000085100000, 0x0000000085100000|
|  48|0x0000000085200000, 0x0000000085200000, 0x0000000085300000|  0%| F|  |TS  0|AC  0|TAMS 0x0000000085200000, 0x0000000085200000|
|  49|0x0000000085300000, 0x0000000085300000, 0x0000000085400000|  0%| F|  |TS  0|AC  0|TAMS 0x0000000085300000, 0x0000000085300000|
|  50|0x0000000085400000, 0x0000000085400000, 0x0000000085500000|  0%| F|  |TS  0|AC  0|TAMS 0x0000000085400000, 0x0000000085400000|
|  51|0x0000000085500000, 0x0000000085500000, 0x0000000085600000|  0%| F|  |TS  0|AC  0|TAMS 0x0000000085500000, 0x0000000085500000|
|  52|0x0000000085600000, 0x0000000085600000, 0x0000000085700000|  0%| F|  |TS  0|AC  0|TAMS 0x0000000085600000, 0x0000000085600000|
|  53|0x0000000085700000, 0x0000000085700000, 0x0000000085800000|  0%| F|  |TS  0|AC  0|TAMS 0x0000000085700000, 0x0000000085700000|
|  54|0x0000000085800000, 0x0000000085800000, 0x0000000085900000|  0%| F|  |TS  0|AC  0|TAMS 0x0000000085800000, 0x0000000085800000|
|  55|0x0000000085900000, 0x0000000085900000, 0x0000000085a00000|  0%| F|  |TS  0|AC  0|TAMS 0x0000000085900000, 0x0000000085900000|
|  56|0x0000000085a00000, 0x0000000085a00000, 0x0000000085b00000|  0%| F|  |TS  0|AC  0|TAMS 0x0000000085a00000, 0x0000000085a00000|
|  57|0x0000000085b00000, 0x0000000085b00000, 0x0000000085c00000|  0%| F|  |TS  0|AC  0|TAMS 0x0000000085b00000, 0x0000000085b00000|
|  58|0x0000000085c00000, 0x0000000085c00000, 0x0000000085d00000|  0%| F|  |TS  0|AC  0|TAMS 0x0000000085c00000, 0x0000000085c00000|
|  59|0x0000000085d00000, 0x0000000085d00000, 0x0000000085e00000|  0%| F|  |TS  0|AC  0|TAMS 0x0000000085d00000, 0x0000000085d00000|
|  60|0x0000000085e00000, 0x0000000085e00000, 0x0000000085f00000|  0%| F|  |TS  0|AC  0|TAMS 0x0000000085e00000, 0x0000000085e00000|
|  61|0x0000000085f00000, 0x0000000085f00000, 0x0000000086000000|  0%| F|  |TS  0|AC  0|TAMS 0x0000000085f00000, 0x0000000085f00000|
|  62|0x0000000086000000, 0x0000000086000000, 0x0000000086100000|  0%| F|  |TS  0|AC  0|TAMS 0x0000000086000000, 0x0000000086000000|
|  63|0x0000000086100000, 0x0000000086100000, 0x0000000086200000|  0%| F|  |TS  0|AC  0|TAMS 0x0000000086100000, 0x0000000086100000|
|  64|0x0000000086200000, 0x0000000086200000, 0x0000000086300000|  0%| F|  |TS  0|AC  0|TAMS 0x0000000086200000, 0x0000000086200000|
|  65|0x0000000086300000, 0x0000000086300000, 0x0000000086400000|  0%| F|  |TS  0|AC  0|TAMS 0x0000000086300000, 0x0000000086300000|
|  66|0x0000000086400000, 0x0000000086400000, 0x0000000086500000|  0%| F|  |TS  0|AC  0|TAMS 0x0000000086400000, 0x0000000086400000|
|  67|0x0000000086500000, 0x0000000086500000, 0x0000000086600000|  0%| F|  |TS  0|AC  0|TAMS 0x0000000086500000, 0x0000000086500000|
|  68|0x0000000086600000, 0x0000000086600000, 0x0000000086700000|  0%| F|  |TS  0|AC  0|TAMS 0x0000000086600000, 0x0000000086600000|
|  69|0x0000000086700000, 0x0000000086700000, 0x0000000086800000|  0%| F|  |TS  0|AC  0|TAMS 0x0000000086700000, 0x0000000086700000|
|  70|0x0000000086800000, 0x0000000086800000, 0x0000000086900000|  0%| F|  |TS  0|AC  0|TAMS 0x0000000086800000, 0x0000000086800000|
|  71|0x0000000086900000, 0x0000000086900000, 0x0000000086a00000|  0%| F|  |TS  0|AC  0|TAMS 0x0000000086900000, 0x0000000086900000|
|  72|0x0000000086a00000, 0x0000000086a00000, 0x0000000086b00000|  0%| F|  |TS  0|AC  0|TAMS 0x0000000086a00000, 0x0000000086a00000|
|  73|0x0000000086b00000, 0x0000000086b00000, 0x0000000086c00000|  0%| F|  |TS  0|AC  0|TAMS 0x0000000086b00000, 0x0000000086b00000|
|  74|0x0000000086c00000, 0x0000000086c00000, 0x0000000086d00000|  0%| F|  |TS  0|AC  0|TAMS 0x0000000086c00000, 0x0000000086c00000|
|  75|0x0000000086d00000, 0x0000000086d00000, 0x0000000086e00000|  0%| F|  |TS  0|AC  0|TAMS 0x0000000086d00000, 0x0000000086d00000|
|  76|0x0000000086e00000, 0x0000000086e00000, 0x0000000086f00000|  0%| F|  |TS  0|AC  0|TAMS 0x0000000086e00000, 0x0000000086e00000|
|  77|0x0000000086f00000, 0x0000000086f00000, 0x0000000087000000|  0%| F|  |TS  0|AC  0|TAMS 0x0000000086f00000, 0x0000000086f00000|
|  78|0x0000000087000000, 0x0000000087000000, 0x0000000087100000|  0%| F|  |TS  0|AC  0|TAMS 0x0000000087000000, 0x0000000087000000|
|  79|0x0000000087100000, 0x0000000087100000, 0x0000000087200000|  0%| F|  |TS  0|AC  0|TAMS 0x0000000087100000, 0x0000000087100000|
|  80|0x0000000087200000, 0x0000000087200000, 0x0000000087300000|  0%| F|  |TS  0|AC  0|TAMS 0x0000000087200000, 0x0000000087200000|
|  81|0x0000000087300000, 0x0000000087300000, 0x0000000087400000|  0%| F|  |TS  0|AC  0|TAMS 0x0000000087300000, 0x0000000087300000|
|  82|0x0000000087400000, 0x0000000087400000, 0x0000000087500000|  0%| F|  |TS  0|AC  0|TAMS 0x0000000087400000, 0x0000000087400000|
|  83|0x0000000087500000, 0x0000000087500000, 0x0000000087600000|  0%| F|  |TS  0|AC  0|TAMS 0x0000000087500000, 0x0000000087500000|
|  84|0x0000000087600000, 0x0000000087600000, 0x0000000087700000|  0%| F|  |TS  0|AC  0|TAMS 0x0000000087600000, 0x0000000087600000|
|  85|0x0000000087700000, 0x0000000087700000, 0x0000000087800000|  0%| F|  |TS  0|AC  0|TAMS 0x0000000087700000, 0x0000000087700000|
|  86|0x0000000087800000, 0x0000000087800000, 0x0000000087900000|  0%| F|  |TS  0|AC  0|TAMS 0x0000000087800000, 0x0000000087800000|
|  87|0x0000000087900000, 0x0000000087a00000, 0x0000000087a00000|100%| E|  |TS  0|AC  0|TAMS 0x0000000087900000, 0x0000000087900000|
|  88|0x0000000087a00000, 0x0000000087b00000, 0x0000000087b00000|100%| E|CS|TS  0|AC  0|TAMS 0x0000000087a00000, 0x0000000087a00000|
|  89|0x0000000087b00000, 0x0000000087c00000, 0x0000000087c00000|100%| E|CS|TS  0|AC  0|TAMS 0x0000000087b00000, 0x0000000087b00000|
|  90|0x0000000087c00000, 0x0000000087d00000, 0x0000000087d00000|100%| E|CS|TS  0|AC  0|TAMS 0x0000000087c00000, 0x0000000087c00000|
|  91|0x0000000087d00000, 0x0000000087e00000, 0x0000000087e00000|100%| E|CS|TS  0|AC  0|TAMS 0x0000000087d00000, 0x0000000087d00000|
|  92|0x0000000087e00000, 0x0000000087f00000, 0x0000000087f00000|100%| E|CS|TS  0|AC  0|TAMS 0x0000000087e00000, 0x0000000087e00000|
|  93|0x0000000087f00000, 0x0000000088000000, 0x0000000088000000|100%| S|CS|TS  1|AC  0|TAMS 0x0000000087f00000, 0x0000000087f00000|
|  94|0x0000000088000000, 0x0000000088100000, 0x0000000088100000|100%| S|CS|TS  1|AC  0|TAMS 0x0000000088000000, 0x0000000088000000|
|  95|0x0000000088100000, 0x0000000088200000, 0x0000000088200000|100%| S|CS|TS  1|AC  0|TAMS 0x0000000088100000, 0x0000000088100000|
|  96|0x0000000088200000, 0x0000000088300000, 0x0000000088300000|100%| S|CS|TS  1|AC  0|TAMS 0x0000000088200000, 0x0000000088200000|
|  97|0x0000000088300000, 0x0000000088400000, 0x0000000088400000|100%| E|CS|TS  1|AC  0|TAMS 0x0000000088300000, 0x0000000088300000|
|  98|0x0000000088400000, 0x0000000088500000, 0x0000000088500000|100%| E|CS|TS  1|AC  0|TAMS 0x0000000088400000, 0x0000000088400000|
|  99|0x0000000088500000, 0x0000000088600000, 0x0000000088600000|100%| E|CS|TS  1|AC  0|TAMS 0x0000000088500000, 0x0000000088500000|
| 100|0x0000000088600000, 0x0000000088700000, 0x0000000088700000|100%| E|CS|TS  1|AC  0|TAMS 0x0000000088600000, 0x0000000088600000|
| 101|0x0000000088700000, 0x0000000088800000, 0x0000000088800000|100%| E|CS|TS  1|AC  0|TAMS 0x0000000088700000, 0x0000000088700000|
| 102|0x0000000088800000, 0x0000000088900000, 0x0000000088900000|100%| E|CS|TS  1|AC  0|TAMS 0x0000000088800000, 0x0000000088800000|
| 103|0x0000000088900000, 0x0000000088a00000, 0x0000000088a00000|100%| E|CS|TS  1|AC  0|TAMS 0x0000000088900000, 0x0000000088900000|
| 104|0x0000000088a00000, 0x0000000088b00000, 0x0000000088b00000|100%| E|CS|TS  1|AC  0|TAMS 0x0000000088a00000, 0x0000000088a00000|
| 105|0x0000000088b00000, 0x0000000088c00000, 0x0000000088c00000|100%| E|CS|TS  1|AC  0|TAMS 0x0000000088b00000, 0x0000000088b00000|
| 106|0x0000000088c00000, 0x0000000088d00000, 0x0000000088d00000|100%| E|CS|TS  1|AC  0|TAMS 0x0000000088c00000, 0x0000000088c00000|
| 107|0x0000000088d00000, 0x0000000088e00000, 0x0000000088e00000|100%| E|CS|TS  1|AC  0|TAMS 0x0000000088d00000, 0x0000000088d00000|
| 108|0x0000000088e00000, 0x0000000088f00000, 0x0000000088f00000|100%| E|CS|TS  1|AC  0|TAMS 0x0000000088e00000, 0x0000000088e00000|
| 109|0x0000000088f00000, 0x0000000089000000, 0x0000000089000000|100%| E|CS|TS  1|AC  0|TAMS 0x0000000088f00000, 0x0000000088f00000|
| 110|0x0000000089000000, 0x0000000089100000, 0x0000000089100000|100%| E|CS|TS  1|AC  0|TAMS 0x0000000089000000, 0x0000000089000000|
| 111|0x0000000089100000, 0x0000000089200000, 0x0000000089200000|100%| E|CS|TS  1|AC  0|TAMS 0x0000000089100000, 0x0000000089100000|
| 112|0x0000000089200000, 0x0000000089300000, 0x0000000089300000|100%| E|CS|TS  1|AC  0|TAMS 0x0000000089200000, 0x0000000089200000|
| 113|0x0000000089300000, 0x0000000089400000, 0x0000000089400000|100%| E|CS|TS  1|AC  0|TAMS 0x0000000089300000, 0x0000000089300000|
| 114|0x0000000089400000, 0x0000000089500000, 0x0000000089500000|100%| E|CS|TS  1|AC  0|TAMS 0x0000000089400000, 0x0000000089400000|
| 115|0x0000000089500000, 0x0000000089600000, 0x0000000089600000|100%| E|CS|TS  1|AC  0|TAMS 0x0000000089500000, 0x0000000089500000|
| 116|0x0000000089600000, 0x0000000089700000, 0x0000000089700000|100%| E|CS|TS  1|AC  0|TAMS 0x0000000089600000, 0x0000000089600000|
| 117|0x0000000089700000, 0x0000000089800000, 0x0000000089800000|100%| E|CS|TS  1|AC  0|TAMS 0x0000000089700000, 0x0000000089700000|
| 118|0x0000000089800000, 0x0000000089900000, 0x0000000089900000|100%| E|CS|TS  1|AC  0|TAMS 0x0000000089800000, 0x0000000089800000|
| 119|0x0000000089900000, 0x0000000089a00000, 0x0000000089a00000|100%| E|CS|TS  1|AC  0|TAMS 0x0000000089900000, 0x0000000089900000|
| 120|0x0000000089a00000, 0x0000000089b00000, 0x0000000089b00000|100%| E|CS|TS  1|AC  0|TAMS 0x0000000089a00000, 0x0000000089a00000|
| 121|0x0000000089b00000, 0x0000000089c00000, 0x0000000089c00000|100%| E|CS|TS  1|AC  0|TAMS 0x0000000089b00000, 0x0000000089b00000|
| 122|0x0000000089c00000, 0x0000000089d00000, 0x0000000089d00000|100%| E|CS|TS  1|AC  0|TAMS 0x0000000089c00000, 0x0000000089c00000|
| 123|0x0000000089d00000, 0x0000000089e00000, 0x0000000089e00000|100%| E|CS|TS  1|AC  0|TAMS 0x0000000089d00000, 0x0000000089d00000|
| 124|0x0000000089e00000, 0x0000000089f00000, 0x0000000089f00000|100%| E|CS|TS  1|AC  0|TAMS 0x0000000089e00000, 0x0000000089e00000|
| 125|0x0000000089f00000, 0x000000008a000000, 0x000000008a000000|100%| E|CS|TS  1|AC  0|TAMS 0x0000000089f00000, 0x0000000089f00000|

Card table byte_map: [0x0000018ce72a0000,0x0000018ce7690000] byte_map_base: 0x0000018ce6e8f000

Marking Bits (Prev, Next): (CMBitMap*) 0x0000018cccbb83a8, (CMBitMap*) 0x0000018cccbb8370
 Prev Bits: [0x0000018ce9a00000, 0x0000018ceb978000)
 Next Bits: [0x0000018ce7a80000, 0x0000018ce99f8000)

Polling page: 0x0000018cca7c0000

CodeHeap 'non-profiled nmethods': size=120064Kb used=2342Kb max_used=2342Kb free=117722Kb
 bounds [0x0000018cdf970000, 0x0000018cdfbe0000, 0x0000018ce6eb0000]
CodeHeap 'profiled nmethods': size=120000Kb used=10198Kb max_used=10198Kb free=109801Kb
 bounds [0x0000018cd8440000, 0x0000018cd8e40000, 0x0000018cdf970000]
CodeHeap 'non-nmethods': size=5696Kb used=1355Kb max_used=1422Kb free=4340Kb
 bounds [0x0000018cd7eb0000, 0x0000018cd8120000, 0x0000018cd8440000]
 total_blobs=6636 nmethods=4894 adapters=702
 compilation: enabled

Compilation events (10 events):
Event: 21.454 Thread 0x0000018cedea6800 4915       3       com.sun.javafx.sg.prism.NGRegion::getNormalizedStrokeRadii (43 bytes)
Event: 21.454 Thread 0x0000018cedea6800 nmethod 4915 0x0000018cd8e34510 code [0x0000018cd8e34700, 0x0000018cd8e34c60]
Event: 21.454 Thread 0x0000018cedea6800 4909       1       com.sun.prism.d3d.D3DContext::getResourceFactory (5 bytes)
Event: 21.454 Thread 0x0000018cedea6800 nmethod 4909 0x0000018cdfbb9110 code [0x0000018cdfbb92c0, 0x0000018cdfbb93d8]
Event: 21.454 Thread 0x0000018cedea6800 4906       3       com.sun.javafx.sg.prism.NGRectangle::updateRectangle (56 bytes)
Event: 21.455 Thread 0x0000018cedea6800 nmethod 4906 0x0000018cd8e34e10 code [0x0000018cd8e34fc0, 0x0000018cd8e351f0]
Event: 21.458 Thread 0x0000018cedea6800 4918       1       com.sun.scenario.effect.impl.EffectPeer::getRenderState (5 bytes)
Event: 21.458 Thread 0x0000018cedea6800 nmethod 4918 0x0000018cdfbb9490 code [0x0000018cdfbb9640, 0x0000018cdfbb9758]
Event: 21.464 Thread 0x0000018cedea6800 4919       3       java.util.concurrent.locks.AbstractQueuedSynchronizer$ConditionObject::signal (33 bytes)
Event: 21.464 Thread 0x0000018cedea6800 nmethod 4919 0x0000018cd8e35310 code [0x0000018cd8e35500, 0x0000018cd8e35890]

GC Heap History (8 events):
Event: 1.087 GC heap before
{Heap before GC invocations=0 (full 0):
 garbage-first heap   total 129024K, used 15360K [0x0000000082200000, 0x0000000100000000)
  region size 1024K, 14 young (14336K), 0 survivors (0K)
 Metaspace       used 13434K, capacity 13832K, committed 14208K, reserved 1062912K
  class space    used 1413K, capacity 1594K, committed 1664K, reserved 1048576K
}
Event: 1.094 GC heap after
{Heap after GC invocations=1 (full 0):
 garbage-first heap   total 129024K, used 5564K [0x0000000082200000, 0x0000000100000000)
  region size 1024K, 2 young (2048K), 2 survivors (2048K)
 Metaspace       used 13434K, capacity 13832K, committed 14208K, reserved 1062912K
  class space    used 1413K, capacity 1594K, committed 1664K, reserved 1048576K
}
Event: 1.435 GC heap before
{Heap before GC invocations=1 (full 0):
 garbage-first heap   total 129024K, used 9660K [0x0000000082200000, 0x0000000100000000)
  region size 1024K, 6 young (6144K), 2 survivors (2048K)
 Metaspace       used 15538K, capacity 15915K, committed 16384K, reserved 1062912K
  class space    used 1725K, capacity 1928K, committed 2048K, reserved 1048576K
}
Event: 1.443 GC heap after
{Heap after GC invocations=2 (full 0):
 garbage-first heap   total 129024K, used 6930K [0x0000000082200000, 0x0000000100000000)
  region size 1024K, 1 young (1024K), 1 survivors (1024K)
 Metaspace       used 15538K, capacity 15915K, committed 16384K, reserved 1062912K
  class space    used 1725K, capacity 1928K, committed 2048K, reserved 1048576K
}
Event: 2.417 GC heap before
{Heap before GC invocations=2 (full 0):
 garbage-first heap   total 129024K, used 14098K [0x0000000082200000, 0x0000000100000000)
  region size 1024K, 9 young (9216K), 1 survivors (1024K)
 Metaspace       used 20410K, capacity 20974K, committed 21296K, reserved 1067008K
  class space    used 2588K, capacity 2857K, committed 2944K, reserved 1048576K
}
Event: 2.425 GC heap after
{Heap after GC invocations=3 (full 0):
 garbage-first heap   total 129024K, used 8500K [0x0000000082200000, 0x0000000100000000)
  region size 1024K, 3 young (3072K), 3 survivors (3072K)
 Metaspace       used 20410K, capacity 20974K, committed 21296K, reserved 1067008K
  class space    used 2588K, capacity 2857K, committed 2944K, reserved 1048576K
}
Event: 12.420 GC heap before
{Heap before GC invocations=4 (full 0):
 garbage-first heap   total 129024K, used 37172K [0x0000000082200000, 0x0000000100000000)
  region size 1024K, 29 young (29696K), 3 survivors (3072K)
 Metaspace       used 28516K, capacity 29505K, committed 30204K, reserved 1075200K
  class space    used 3531K, capacity 3982K, committed 4096K, reserved 1048576K
}
Event: 12.434 GC heap after
{Heap after GC invocations=5 (full 0):
 garbage-first heap   total 129024K, used 14282K [0x0000000082200000, 0x0000000100000000)
  region size 1024K, 4 young (4096K), 4 survivors (4096K)
 Metaspace       used 28516K, capacity 29505K, committed 30204K, reserved 1075200K
  class space    used 3531K, capacity 3982K, committed 4096K, reserved 1048576K
}

Deoptimization events (10 events):
Event: 12.550 Thread 0x0000018ceed28000 Uncommon trap: reason=unstable_if action=reinterpret pc=0x0000018cdfa4331c method=com.sun.javafx.css.BitSet.addAll(Ljava/util/Collection;)Z @ 1 c2
Event: 12.736 Thread 0x0000018ceed28000 Uncommon trap: reason=array_check action=maybe_recompile pc=0x0000018cdfb03964 method=javafx.css.CompoundSelector.applies(Ljavafx/css/Styleable;[Ljava/util/Set;I)Z @ 128 c2
Event: 12.736 Thread 0x0000018ceed28000 Uncommon trap: reason=array_check action=maybe_recompile pc=0x0000018cdfb03964 method=javafx.css.CompoundSelector.applies(Ljavafx/css/Styleable;[Ljava/util/Set;I)Z @ 128 c2
Event: 12.736 Thread 0x0000018ceed28000 Uncommon trap: reason=array_check action=maybe_recompile pc=0x0000018cdfb03964 method=javafx.css.CompoundSelector.applies(Ljavafx/css/Styleable;[Ljava/util/Set;I)Z @ 128 c2
Event: 12.736 Thread 0x0000018ceed28000 Uncommon trap: reason=array_check action=maybe_recompile pc=0x0000018cdfb03964 method=javafx.css.CompoundSelector.applies(Ljavafx/css/Styleable;[Ljava/util/Set;I)Z @ 128 c2
Event: 12.995 Thread 0x0000018ceed28000 Uncommon trap: reason=unstable_if action=reinterpret pc=0x0000018cdfaf4ee4 method=javafx.scene.Parent.setChildDirty(Ljavafx/scene/Node;Z)V @ 22 c2
Event: 13.116 Thread 0x0000018ceec3f000 Uncommon trap: reason=unstable_if action=reinterpret pc=0x0000018cdfa84f28 method=com.sun.javafx.geom.RectBounds.isEmpty()Z @ 21 c2
Event: 15.654 Thread 0x0000018ceed28000 Uncommon trap: reason=predicate action=maybe_recompile pc=0x0000018cdfae6984 method=com.sun.javafx.binding.ExpressionHelper$Generic.removeListener(Ljavafx/beans/value/ChangeListener;)Lcom/sun/javafx/binding/ExpressionHelper; @ 17 c2
Event: 15.663 Thread 0x0000018ceed28000 Uncommon trap: reason=unstable_if action=reinterpret pc=0x0000018cdfaf1b68 method=javafx.scene.Parent.setChildDirty(Ljavafx/scene/Node;Z)V @ 22 c2
Event: 17.662 Thread 0x0000018ceed28000 Uncommon trap: reason=unstable_if action=reinterpret pc=0x0000018cdfb63f78 method=javafx.scene.CssStyleHelper.transitionToState(Ljavafx/scene/Node;)V @ 664 c2

Classes redefined (0 events):
No events

Internal exceptions (10 events):
Event: 6.960 Thread 0x0000018ceed28000 Exception <a 'java/lang/NoSuchMethodError'{0x0000000089885588}: method resolution failed> (0x0000000089885588) thrown at [t:/workspace/open/src/hotspot/share/prims/methodHandles.cpp, line 1226]
Event: 9.213 Thread 0x0000018ceed28000 Implicit null exception at 0x0000018cdfa90495 to 0x0000018cdfa922ba
Event: 11.416 Thread 0x0000018ceed28000 Implicit null exception at 0x0000018cdf99a7f7 to 0x0000018cdf99acee
Event: 11.815 Thread 0x0000018ceed28000 Exception <a 'java/lang/NoSuchMethodError'{0x0000000088a1d768}: java.lang.Object.lambda$union$1(Ljava/util/regex/Pattern$CharPredicate;I)Z> (0x0000000088a1d768) thrown at [t:/workspace/open/src/hotspot/share/interpreter/linkResolver.cpp, line 741]
Event: 11.848 Thread 0x0000018ceed28000 Exception <a 'java/lang/NoSuchMethodError'{0x0000000088aa72d8}: java.lang.Object.lambda$negate$3(I)Z> (0x0000000088aa72d8) thrown at [t:/workspace/open/src/hotspot/share/interpreter/linkResolver.cpp, line 741]
Event: 12.019 Thread 0x0000018ceed28000 Implicit null exception at 0x0000018cdfa97a62 to 0x0000018cdfa97dce
Event: 12.550 Thread 0x0000018ceed28000 Implicit null exception at 0x0000018cdfa42cf1 to 0x0000018cdfa43306
Event: 13.122 Thread 0x0000018ceec3f000 Exception <a 'java/lang/NoSuchMethodError'{0x000000008932e9b8}: java.lang.invoke.DirectMethodHandle$Holder.invokeStaticInit(Ljava/lang/Object;I)Ljava/lang/Object;> (0x000000008932e9b8) thrown at [t:/workspace/open/src/hotspot/share/interpreter/linkResolve
Event: 14.663 Thread 0x0000018ceed28000 Exception <a 'java/lang/NoSuchMethodError'{0x000000008910e118}: java.lang.invoke.DirectMethodHandle$Holder.invokeVirtual(Ljava/lang/Object;Ljava/lang/Object;)I> (0x000000008910e118) thrown at [t:/workspace/open/src/hotspot/share/interpreter/linkResolver.c
Event: 14.665 Thread 0x0000018ceed28000 Exception <a 'java/lang/NoSuchMethodError'{0x0000000089114348}: java.lang.invoke.DirectMethodHandle$Holder.invokeVirtual(Ljava/lang/Object;Ljava/lang/Object;I)V> (0x0000000089114348) thrown at [t:/workspace/open/src/hotspot/share/interpreter/linkResolver.

Events (10 events):
Event: 15.652 loading class com/sun/javafx/tk/quantum/GlassViewEventHandler done
Event: 15.654 Thread 0x0000018ceed28000 Uncommon trap: trap_request=0xffffff86 fr.pc=0x0000018cdfae6984 relative=0x00000000000007a4
Event: 15.654 Thread 0x0000018ceed28000 DEOPT PACKING pc=0x0000018cdfae6984 sp=0x00000034ce0fb560
Event: 15.654 Thread 0x0000018ceed28000 DEOPT UNPACKING pc=0x0000018cd7ed89af sp=0x00000034ce0fb510 mode 2
Event: 15.663 Thread 0x0000018ceed28000 Uncommon trap: trap_request=0xffffff55 fr.pc=0x0000018cdfaf1b68 relative=0x0000000000000428
Event: 15.663 Thread 0x0000018ceed28000 DEOPT PACKING pc=0x0000018cdfaf1b68 sp=0x00000034ce0fbc20
Event: 15.663 Thread 0x0000018ceed28000 DEOPT UNPACKING pc=0x0000018cd7ed89af sp=0x00000034ce0fb8f8 mode 2
Event: 17.662 Thread 0x0000018ceed28000 Uncommon trap: trap_request=0xffffff55 fr.pc=0x0000018cdfb63f78 relative=0x00000000000027d8
Event: 17.662 Thread 0x0000018ceed28000 DEOPT PACKING pc=0x0000018cdfb63f78 sp=0x00000034ce0fc2e0
Event: 17.662 Thread 0x0000018ceed28000 DEOPT UNPACKING pc=0x0000018cd7ed89af sp=0x00000034ce0fc280 mode 2


Dynamic libraries:
0x00007ff6eda30000 - 0x00007ff6eda6e000 	C:\App\Java\jdk-10.0.1\bin\javaw.exe
0x00007ffbf7360000 - 0x00007ffbf7541000 	C:\WINDOWS\SYSTEM32\ntdll.dll
0x00007ffbf6760000 - 0x00007ffbf6812000 	C:\WINDOWS\System32\KERNEL32.DLL
0x00007ffbf3960000 - 0x00007ffbf3bd3000 	C:\WINDOWS\System32\KERNELBASE.dll
0x00007ffbf6100000 - 0x00007ffbf61a1000 	C:\WINDOWS\System32\ADVAPI32.dll
0x00007ffbf6210000 - 0x00007ffbf62ae000 	C:\WINDOWS\System32\msvcrt.dll
0x00007ffbf61b0000 - 0x00007ffbf620b000 	C:\WINDOWS\System32\sechost.dll
0x00007ffbf4b30000 - 0x00007ffbf4c54000 	C:\WINDOWS\System32\RPCRT4.dll
0x00007ffbf6450000 - 0x00007ffbf65e0000 	C:\WINDOWS\System32\USER32.dll
0x00007ffbf4440000 - 0x00007ffbf4460000 	C:\WINDOWS\System32\win32u.dll
0x00007ffbf6410000 - 0x00007ffbf6438000 	C:\WINDOWS\System32\GDI32.dll
0x00007ffbf4650000 - 0x00007ffbf47e2000 	C:\WINDOWS\System32\gdi32full.dll
0x00007ffbf37b0000 - 0x00007ffbf384f000 	C:\WINDOWS\System32\msvcp_win.dll
0x00007ffbf4340000 - 0x00007ffbf443a000 	C:\WINDOWS\System32\ucrtbase.dll
0x00007ffbe4120000 - 0x00007ffbe4389000 	C:\WINDOWS\WinSxS\amd64_microsoft.windows.common-controls_6595b64144ccf1df_6.0.17134.48_none_b4b2216a3cb4dd3e\COMCTL32.dll
0x00007ffbf69e0000 - 0x00007ffbf6d03000 	C:\WINDOWS\System32\combase.dll
0x00007ffbf3730000 - 0x00007ffbf37aa000 	C:\WINDOWS\System32\bcryptPrimitives.dll
0x00007ffbe4f20000 - 0x00007ffbe4f2a000 	C:\WINDOWS\SYSTEM32\VERSION.dll
0x00007ffbf6d70000 - 0x00007ffbf6d9d000 	C:\WINDOWS\System32\IMM32.DLL
0x00007ffbe4930000 - 0x00007ffbe4a1f000 	C:\App\Java\jdk-10.0.1\bin\msvcr120.dll
0x00007ffbe1250000 - 0x00007ffbe12f6000 	C:\App\Java\jdk-10.0.1\bin\msvcp120.dll
0x0000000070700000 - 0x0000000071170000 	C:\App\Java\jdk-10.0.1\bin\server\jvm.dll
0x00007ffbf49c0000 - 0x00007ffbf49c8000 	C:\WINDOWS\System32\PSAPI.DLL
0x00007ffbf0480000 - 0x00007ffbf0489000 	C:\WINDOWS\SYSTEM32\WSOCK32.dll
0x00007ffbef120000 - 0x00007ffbef143000 	C:\WINDOWS\SYSTEM32\WINMM.dll
0x00007ffbf62b0000 - 0x00007ffbf631c000 	C:\WINDOWS\System32\WS2_32.dll
0x00007ffbef070000 - 0x00007ffbef09a000 	C:\WINDOWS\SYSTEM32\WINMMBASE.dll
0x00007ffbf42f0000 - 0x00007ffbf4339000 	C:\WINDOWS\System32\cfgmgr32.dll
0x00007ffbef3e0000 - 0x00007ffbef3ef000 	C:\App\Java\jdk-10.0.1\bin\verify.dll
0x00007ffbe3780000 - 0x00007ffbe3949000 	C:\WINDOWS\SYSTEM32\DBGHELP.DLL
0x00007ffbe0ca0000 - 0x00007ffbe0cc9000 	C:\WINDOWS\SYSTEM32\dbgcore.DLL
0x00007ffbeb1b0000 - 0x00007ffbeb1d7000 	C:\App\Java\jdk-10.0.1\bin\java.dll
0x00007ffbef3c0000 - 0x00007ffbef3d6000 	C:\App\Java\jdk-10.0.1\bin\zip.dll
0x00007ffbee6c0000 - 0x00007ffbee6ca000 	C:\App\Java\jdk-10.0.1\bin\jimage.dll
0x00007ffbf4c60000 - 0x00007ffbf60a0000 	C:\WINDOWS\System32\SHELL32.dll
0x00007ffbf4890000 - 0x00007ffbf4939000 	C:\WINDOWS\System32\shcore.dll
0x00007ffbf3be0000 - 0x00007ffbf42ed000 	C:\WINDOWS\System32\windows.storage.dll
0x00007ffbf72d0000 - 0x00007ffbf7321000 	C:\WINDOWS\System32\shlwapi.dll
0x00007ffbf3710000 - 0x00007ffbf3721000 	C:\WINDOWS\System32\kernel.appcore.dll
0x00007ffbf36d0000 - 0x00007ffbf36ef000 	C:\WINDOWS\System32\profapi.dll
0x00007ffbf3680000 - 0x00007ffbf36cc000 	C:\WINDOWS\System32\powrprof.dll
0x00007ffbf3670000 - 0x00007ffbf367a000 	C:\WINDOWS\System32\FLTLIB.DLL
0x0000018cccac0000 - 0x0000018cccac3000 	C:\App\Java\jdk-10.0.1\bin\api-ms-win-core-console-l1-1-0.dll
0x0000018cccad0000 - 0x0000018cccad3000 	C:\App\Java\jdk-10.0.1\bin\api-ms-win-core-datetime-l1-1-0.dll
0x0000018cccae0000 - 0x0000018cccae3000 	C:\App\Java\jdk-10.0.1\bin\api-ms-win-core-debug-l1-1-0.dll
0x0000018cccaf0000 - 0x0000018cccaf3000 	C:\App\Java\jdk-10.0.1\bin\api-ms-win-core-errorhandling-l1-1-0.dll
0x0000018cef340000 - 0x0000018cef344000 	C:\App\Java\jdk-10.0.1\bin\api-ms-win-core-file-l1-1-0.dll
0x0000018cef350000 - 0x0000018cef353000 	C:\App\Java\jdk-10.0.1\bin\api-ms-win-core-file-l1-2-0.dll
0x0000018cef360000 - 0x0000018cef363000 	C:\App\Java\jdk-10.0.1\bin\api-ms-win-core-file-l2-1-0.dll
0x0000018cef370000 - 0x0000018cef373000 	C:\App\Java\jdk-10.0.1\bin\api-ms-win-core-handle-l1-1-0.dll
0x0000018cef380000 - 0x0000018cef383000 	C:\App\Java\jdk-10.0.1\bin\api-ms-win-core-heap-l1-1-0.dll
0x0000018cef390000 - 0x0000018cef393000 	C:\App\Java\jdk-10.0.1\bin\api-ms-win-core-interlocked-l1-1-0.dll
0x0000018cef3a0000 - 0x0000018cef3a3000 	C:\App\Java\jdk-10.0.1\bin\api-ms-win-core-libraryloader-l1-1-0.dll
0x0000018cef3b0000 - 0x0000018cef3b3000 	C:\App\Java\jdk-10.0.1\bin\api-ms-win-core-localization-l1-2-0.dll
0x0000018cef3c0000 - 0x0000018cef3c3000 	C:\App\Java\jdk-10.0.1\bin\api-ms-win-core-memory-l1-1-0.dll
0x0000018cef3d0000 - 0x0000018cef3d3000 	C:\App\Java\jdk-10.0.1\bin\api-ms-win-core-namedpipe-l1-1-0.dll
0x0000018cef3e0000 - 0x0000018cef3e3000 	C:\App\Java\jdk-10.0.1\bin\api-ms-win-core-processenvironment-l1-1-0.dll
0x0000018cef3f0000 - 0x0000018cef3f3000 	C:\App\Java\jdk-10.0.1\bin\api-ms-win-core-processthreads-l1-1-0.dll
0x0000018cef400000 - 0x0000018cef403000 	C:\App\Java\jdk-10.0.1\bin\api-ms-win-core-processthreads-l1-1-1.dll
0x0000018cef410000 - 0x0000018cef413000 	C:\App\Java\jdk-10.0.1\bin\api-ms-win-core-profile-l1-1-0.dll
0x0000018cef420000 - 0x0000018cef423000 	C:\App\Java\jdk-10.0.1\bin\api-ms-win-core-rtlsupport-l1-1-0.dll
0x0000018cef430000 - 0x0000018cef433000 	C:\App\Java\jdk-10.0.1\bin\api-ms-win-core-string-l1-1-0.dll
0x0000018cef440000 - 0x0000018cef443000 	C:\App\Java\jdk-10.0.1\bin\api-ms-win-core-synch-l1-1-0.dll
0x0000018cef450000 - 0x0000018cef453000 	C:\App\Java\jdk-10.0.1\bin\api-ms-win-core-synch-l1-2-0.dll
0x0000018cef460000 - 0x0000018cef463000 	C:\App\Java\jdk-10.0.1\bin\api-ms-win-core-sysinfo-l1-1-0.dll
0x0000018cef470000 - 0x0000018cef473000 	C:\App\Java\jdk-10.0.1\bin\api-ms-win-core-timezone-l1-1-0.dll
0x0000018cef480000 - 0x0000018cef483000 	C:\App\Java\jdk-10.0.1\bin\api-ms-win-core-util-l1-1-0.dll
0x0000018cef490000 - 0x0000018cef493000 	C:\App\Java\jdk-10.0.1\bin\api-ms-win-crt-conio-l1-1-0.dll
0x0000018cef4a0000 - 0x0000018cef4a4000 	C:\App\Java\jdk-10.0.1\bin\api-ms-win-crt-convert-l1-1-0.dll
0x0000018cef4b0000 - 0x0000018cef4b3000 	C:\App\Java\jdk-10.0.1\bin\api-ms-win-crt-environment-l1-1-0.dll
0x0000018cef4c0000 - 0x0000018cef4c3000 	C:\App\Java\jdk-10.0.1\bin\api-ms-win-crt-filesystem-l1-1-0.dll
0x0000018cef4d0000 - 0x0000018cef4d3000 	C:\App\Java\jdk-10.0.1\bin\api-ms-win-crt-heap-l1-1-0.dll
0x0000018cef4e0000 - 0x0000018cef4e3000 	C:\App\Java\jdk-10.0.1\bin\api-ms-win-crt-locale-l1-1-0.dll
0x0000018cef4f0000 - 0x0000018cef4f5000 	C:\App\Java\jdk-10.0.1\bin\api-ms-win-crt-math-l1-1-0.dll
0x0000018cef500000 - 0x0000018cef505000 	C:\App\Java\jdk-10.0.1\bin\api-ms-win-crt-multibyte-l1-1-0.dll
0x0000018cef510000 - 0x0000018cef520000 	C:\App\Java\jdk-10.0.1\bin\api-ms-win-crt-private-l1-1-0.dll
0x0000018cef520000 - 0x0000018cef523000 	C:\App\Java\jdk-10.0.1\bin\api-ms-win-crt-process-l1-1-0.dll
0x0000018cef530000 - 0x0000018cef534000 	C:\App\Java\jdk-10.0.1\bin\api-ms-win-crt-runtime-l1-1-0.dll
0x0000018cef540000 - 0x0000018cef544000 	C:\App\Java\jdk-10.0.1\bin\api-ms-win-crt-stdio-l1-1-0.dll
0x0000018cef550000 - 0x0000018cef554000 	C:\App\Java\jdk-10.0.1\bin\api-ms-win-crt-string-l1-1-0.dll
0x0000018cef560000 - 0x0000018cef563000 	C:\App\Java\jdk-10.0.1\bin\api-ms-win-crt-time-l1-1-0.dll
0x0000018cef570000 - 0x0000018cef573000 	C:\App\Java\jdk-10.0.1\bin\api-ms-win-crt-utility-l1-1-0.dll
0x00007ffbe0710000 - 0x00007ffbe0806000 	C:\App\Java\jdk-10.0.1\bin\ucrtbase.dll
0x00007ffbee660000 - 0x00007ffbee676000 	C:\App\Java\jdk-10.0.1\bin\vcruntime140.dll
0x00007ffbe03d0000 - 0x00007ffbe046c000 	C:\App\Java\jdk-10.0.1\bin\msvcp140.dll
0x00007ffbe5490000 - 0x00007ffbe54e1000 	C:\App\Java\jdk-10.0.1\bin\concrt140.dll
0x00007ffbe75c0000 - 0x00007ffbe75e3000 	C:\App\Java\jdk-10.0.1\bin\prism_d3d.dll
0x00007ffbb6000000 - 0x00007ffbb6197000 	C:\WINDOWS\system32\d3d9.dll
0x00007ffbf1e00000 - 0x00007ffbf1e29000 	C:\WINDOWS\SYSTEM32\dwmapi.dll
0x00007ffbf1b20000 - 0x00007ffbf1bb8000 	C:\WINDOWS\system32\uxtheme.dll
0x00007ffbd3bd0000 - 0x00007ffbd463e000 	C:\WINDOWS\SYSTEM32\igdumdim64.dll
0x00007ffbe8d50000 - 0x00007ffbe91b4000 	C:\WINDOWS\SYSTEM32\igdusc64.dll
0x00007ffbe5060000 - 0x00007ffbe50aa000 	C:\App\Java\jdk-10.0.1\bin\glass.dll
0x00007ffbf6320000 - 0x00007ffbf640d000 	C:\WINDOWS\System32\COMDLG32.dll
0x00007ffbf49d0000 - 0x00007ffbf4b21000 	C:\WINDOWS\System32\ole32.dll
0x00007ffbf7200000 - 0x00007ffbf72c2000 	C:\WINDOWS\System32\OLEAUT32.dll
0x00007ffbf65e0000 - 0x00007ffbf6755000 	C:\WINDOWS\System32\MSCTF.dll
0x00007ffbe45f0000 - 0x00007ffbe4628000 	C:\WINDOWS\system32\IMGSF50Filter_x64.dll
0x0000000072e70000 - 0x0000000072f43000 	C:\WINDOWS\WinSxS\amd64_microsoft.vc90.crt_1fc8b3b9a1e18e3b_9.0.30729.9415_none_08e0c10ba840a28a\MSVCP90.dll
0x0000000072dc0000 - 0x0000000072e63000 	C:\WINDOWS\WinSxS\amd64_microsoft.vc90.crt_1fc8b3b9a1e18e3b_9.0.30729.9415_none_08e0c10ba840a28a\MSVCR90.dll
0x00007ffbd5340000 - 0x00007ffbd5460000 	C:\WINDOWS\SYSTEM32\Opengl32.dll
0x00007ffbe52a0000 - 0x00007ffbe52cc000 	C:\WINDOWS\SYSTEM32\GLU32.dll
0x00007ffbee4f0000 - 0x00007ffbee50a000 	C:\App\Java\jdk-10.0.1\bin\net.dll
0x00007ffbec270000 - 0x00007ffbec34d000 	C:\WINDOWS\SYSTEM32\WINHTTP.dll
0x00007ffbf2ef0000 - 0x00007ffbf2f56000 	C:\WINDOWS\system32\mswsock.dll
0x00007ffbeb5e0000 - 0x00007ffbeb5f1000 	C:\App\Java\jdk-10.0.1\bin\nio.dll
0x00007ffbeb4a0000 - 0x00007ffbeb4b4000 	C:\App\Java\jdk-10.0.1\bin\javafx_font.dll
0x00007ffbdc710000 - 0x00007ffbdc8ab000 	C:\App\Java\jdk-10.0.1\bin\awt.dll
0x00007ffbf0d40000 - 0x00007ffbf1307000 	C:\WINDOWS\SYSTEM32\d2d1.dll
0x00007ffbf19f0000 - 0x00007ffbf1a7b000 	C:\WINDOWS\SYSTEM32\apphelp.dll
0x00007ffbe3510000 - 0x00007ffbe3575000 	C:\App\Java\jdk-10.0.1\bin\fontmanager.dll
0x00007ffbe6a10000 - 0x00007ffbe6d2c000 	C:\WINDOWS\SYSTEM32\dwrite.dll
0x00007ffbf47f0000 - 0x00007ffbf4890000 	C:\WINDOWS\System32\clbcatq.dll
0x00007ffbeaae0000 - 0x00007ffbeac8e000 	C:\WINDOWS\SYSTEM32\WindowsCodecs.dll
0x00007ffbd7850000 - 0x00007ffbd78a8000 	C:\WINDOWS\system32\dataexchange.dll
0x00007ffbf1310000 - 0x00007ffbf14ac000 	C:\WINDOWS\system32\dcomp.dll
0x00007ffbf0a30000 - 0x00007ffbf0d3b000 	C:\WINDOWS\system32\d3d11.dll
0x00007ffbf2430000 - 0x00007ffbf24eb000 	C:\WINDOWS\system32\dxgi.dll
0x00007ffbf1ee0000 - 0x00007ffbf2098000 	C:\WINDOWS\system32\twinapi.appcore.dll
0x00007ffbf20d0000 - 0x00007ffbf20f1000 	C:\WINDOWS\system32\RMCLIENT.dll
0x00007ffbe51c0000 - 0x00007ffbe51f4000 	C:\Program Files\Common Files\Microsoft Shared\Ink\rtscom.dll
0x00007ffbe7300000 - 0x00007ffbe7398000 	C:\WINDOWS\System32\TextInputFramework.dll
0x00007ffbea600000 - 0x00007ffbea91e000 	C:\WINDOWS\System32\CoreUIComponents.dll
0x00007ffbf17f0000 - 0x00007ffbf18ca000 	C:\WINDOWS\System32\CoreMessaging.dll
0x00007ffbf2760000 - 0x00007ffbf2791000 	C:\WINDOWS\SYSTEM32\ntmarta.dll
0x00007ffbef9e0000 - 0x00007ffbefb2d000 	C:\WINDOWS\SYSTEM32\wintypes.dll
0x00007ffbe6f20000 - 0x00007ffbe6ff1000 	C:\Windows\System32\IME\IMEKR\imkrtip.dll
0x00007ffbf0100000 - 0x00007ffbf02b4000 	C:\WINDOWS\SYSTEM32\PROPSYS.dll

dbghelp: loaded successfully - version: 4.0.5 - missing functions: none
symbol engine: initialized successfully - sym options: 0x614 - pdb path: .;C:\App\Java\jdk-10.0.1\bin;C:\WINDOWS\SYSTEM32;C:\WINDOWS\WinSxS\amd64_microsoft.windows.common-controls_6595b64144ccf1df_6.0.17134.48_none_b4b2216a3cb4dd3e;C:\App\Java\jdk-10.0.1\bin\server;C:\WINDOWS\WinSxS\amd64_microsoft.vc90.crt_1fc8b3b9a1e18e3b_9.0.30729.9415_none_08e0c10ba840a28a;C:\Program Files\Common Files\Microsoft Shared\Ink;C:\Windows\System32\IME\IMEKR;C:\Windows\System32\IME\shared;C:\Program Files (x86)\Dropbox\Client;C:\Users\sonan\AppData\Local\Microsoft\OneDrive\18.065.0329.0002\amd64;C:\Program Files\Microsoft Office 15\root\VFS\ProgramFilesX64\Microsoft Office\Office15;C:\Program Files\Microsoft Office 15\root\VFS\ProgramFilesX64\Microsoft Office\Office15\1042

VM Arguments:
jvm_args: -Dfile.encoding=MS949 
java_command: bts.app.MainApp
java_class_path (initial): C:\2.MyDev\workspace\DBMng\bin;C:\2.MyDev\workspace\libs\jdbc\oracle\ojdbc6.jar;C:\2.MyDev\workspace\libs\jdbc\mssql\mssql-jdbc-6.4.0.jre9.jar;C:\2.MyDev\workspace\libs\excel-poi\poi-3.17\lib\commons-collections4-4.1.jar;C:\2.MyDev\workspace\libs\excel-poi\poi-3.17\poi-3.17.jar;C:\2.MyDev\workspace\libs\excel-poi\poi-3.17\poi-ooxml-3.17.jar;C:\2.MyDev\workspace\libs\excel-poi\poi-3.17\poi-ooxml-schemas-3.17.jar;C:\2.MyDev\workspace\libs\javafx\richtextfx-fat-0.9.0.jar;C:\2.MyDev\workspace\libs\excel-poi\poi-3.17\ooxml-lib\xmlbeans-2.6.0.jar
Launcher Type: SUN_STANDARD

Logging:
Log output configuration:
#0: stdout all=warning uptime,level,tags
#1: stderr all=off uptime,level,tags

Environment Variables:
JAVA_HOME=C:\App\Java\jdk-10.0.1
PATH=C:\Program Files (x86)\Common Files\Oracle\Java\javapath;C:\App\gradle\gradle-4.7\bin;C:\App\Java\jdk-10.0.1\bin;C:\App\Oracle\product\11.2.0\dbhome_1\bin;C:\App\Python36\Scripts\;C:\App\Python36\;C:\WINDOWS\system32;C:\WINDOWS;C:\WINDOWS\System32\Wbem;C:\WINDOWS\System32\WindowsPowerShell\v1.0\;C:\Program Files\Microsoft SQL Server\Client SDK\ODBC\110\Tools\Binn\;C:\Program Files (x86)\Microsoft SQL Server\120\Tools\Binn\;C:\Program Files\Microsoft SQL Server\120\Tools\Binn\;C:\Program Files\Microsoft SQL Server\120\DTS\Binn\;C:\Program Files (x86)\Microsoft SQL Server\120\Tools\Binn\ManagementStudio\;C:\Program Files (x86)\Microsoft SQL Server\120\DTS\Binn\;C:\Program Files\dotnet\;C:\Program Files\Microsoft SQL Server\130\Tools\Binn\;C:\Program Files\PuTTY\;C:\Program Files (x86)\Microsoft SQL Server\110\DTS\Binn\;C:\Program Files (x86)\Microsoft SQL Server\130\DTS\Binn\;C:\Program Files (x86)\Microsoft SQL Server\140\DTS\Binn\;C:\Program Files (x86)\Inno Setup 5;C:\App\maven\bin;C:\Program Files\Git\cmd;%ANT_HOME%\bin;C:\Users\sonan\AppData\Local\Microsoft\WindowsApps;C:\Program Files\Bandizip\
USERNAME=sonan
OS=Windows_NT
PROCESSOR_IDENTIFIER=Intel64 Family 6 Model 58 Stepping 9, GenuineIntel



---------------  S Y S T E M  ---------------

OS: Windows 10 , 64 bit Build 17134 (10.0.17134.1)

CPU:total 4 (initial active 4) (2 cores per cpu, 2 threads per core) family 6 model 58 stepping 9, cmov, cx8, fxsr, mmx, sse, sse2, sse3, ssse3, sse4.1, sse4.2, popcnt, avx, clmul, erms, ht, tsc, tscinvbit, tscinv

Memory: 4k page, physical 8244524k(1870780k free), swap 33410348k(24k free)

vm_info: Java HotSpot(TM) 64-Bit Server VM (10.0.1+10) for windows-amd64 JRE (10.0.1+10), built on Mar 27 2018 02:27:48 by "mach5one" with MS VC++ 12.0 (VS2013)

END.
